\BOOKMARK [1][-]{section.1}{Coding Resources}{}% 1
\BOOKMARK [2][-]{subsection.1.1}{Python}{section.1}% 2
\BOOKMARK [3][-]{subsubsection.1.1.1}{Combinations}{subsection.1.1}% 3
\BOOKMARK [3][-]{subsubsection.1.1.2}{SortListOfClass}{subsection.1.1}% 4
\BOOKMARK [3][-]{subsubsection.1.1.3}{Fast IO}{subsection.1.1}% 5
\BOOKMARK [3][-]{subsubsection.1.1.4}{Permutations}{subsection.1.1}% 6
\BOOKMARK [2][-]{subsection.1.2}{C++}{section.1}% 7
\BOOKMARK [3][-]{subsubsection.1.2.1}{ReadLineCpp}{subsection.1.2}% 8
\BOOKMARK [3][-]{subsubsection.1.2.2}{PrintVector}{subsection.1.2}% 9
\BOOKMARK [3][-]{subsubsection.1.2.3}{PriorityQueueOfClass}{subsection.1.2}% 10
\BOOKMARK [3][-]{subsubsection.1.2.4}{SortPair}{subsection.1.2}% 11
\BOOKMARK [3][-]{subsubsection.1.2.5}{IntToBinary}{subsection.1.2}% 12
\BOOKMARK [3][-]{subsubsection.1.2.6}{SplitString}{subsection.1.2}% 13
\BOOKMARK [3][-]{subsubsection.1.2.7}{MapValueToInt}{subsection.1.2}% 14
\BOOKMARK [3][-]{subsubsection.1.2.8}{IOoptimizationCPP}{subsection.1.2}% 15
\BOOKMARK [3][-]{subsubsection.1.2.9}{SortVectorOfClass}{subsection.1.2}% 16
\BOOKMARK [1][-]{section.2}{Multiple Queries}{}% 17
\BOOKMARK [2][-]{subsection.2.1}{Mo}{section.2}% 18
\BOOKMARK [2][-]{subsection.2.2}{SqrtDecomposition}{section.2}% 19
\BOOKMARK [1][-]{section.3}{Maths}{}% 20
\BOOKMARK [2][-]{subsection.3.1}{Combinatorics}{section.3}% 21
\BOOKMARK [2][-]{subsection.3.2}{Number Theory}{section.3}% 22
\BOOKMARK [3][-]{subsubsection.3.2.1}{extendedEuclidean}{subsection.3.2}% 23
\BOOKMARK [3][-]{subsubsection.3.2.2}{divisibilityCriterion}{subsection.3.2}% 24
\BOOKMARK [3][-]{subsubsection.3.2.3}{gcd}{subsection.3.2}% 25
\BOOKMARK [3][-]{subsubsection.3.2.4}{PrimeCheckMillerRabin}{subsection.3.2}% 26
\BOOKMARK [2][-]{subsection.3.3}{Probability}{section.3}% 27
\BOOKMARK [2][-]{subsection.3.4}{Game Theory}{section.3}% 28
\BOOKMARK [1][-]{section.4}{Geometry}{}% 29
\BOOKMARK [1][-]{section.5}{Strings}{}% 30
\BOOKMARK [2][-]{subsection.5.1}{RabinKarp}{section.5}% 31
\BOOKMARK [1][-]{section.6}{Graphs}{}% 32
\BOOKMARK [2][-]{subsection.6.1}{Flow}{section.6}% 33
\BOOKMARK [3][-]{subsubsection.6.1.1}{MaxFlowDinic}{subsection.6.1}% 34
\BOOKMARK [2][-]{subsection.6.2}{TopologicalSort}{section.6}% 35
\BOOKMARK [2][-]{subsection.6.3}{MinimumCut}{section.6}% 36
\BOOKMARK [2][-]{subsection.6.4}{UnionFind}{section.6}% 37
\BOOKMARK [2][-]{subsection.6.5}{CycleInUndirectedGraph}{section.6}% 38
\BOOKMARK [2][-]{subsection.6.6}{IsBipartite}{section.6}% 39
\BOOKMARK [2][-]{subsection.6.7}{ShortestPaths}{section.6}% 40
\BOOKMARK [3][-]{subsubsection.6.7.1}{Dijkstra}{subsection.6.7}% 41
\BOOKMARK [2][-]{subsection.6.8}{CycleInDirectedGraph}{section.6}% 42
\BOOKMARK [2][-]{subsection.6.9}{FloodFill}{section.6}% 43
\BOOKMARK [2][-]{subsection.6.10}{KruskalMST}{section.6}% 44
\BOOKMARK [1][-]{section.7}{Rare Topics}{}% 45
\BOOKMARK [1][-]{section.8}{Data Structures}{}% 46
\BOOKMARK [2][-]{subsection.8.1}{Trie}{section.8}% 47
\BOOKMARK [2][-]{subsection.8.2}{SegmentTree}{section.8}% 48
