INFO: latexindent.pl version 3.5.3, 2018-10-13, a script to indent .tex files
      latexindent.pl lives here: /home/san/.miktex/texmfs/install/scripts/latexindent/
      Wed Dec 19 13:18:21 2018
      Filename: Reference/ReferenceBook/Reference.tex
INFO: Processing switches:
INFO: Directory for backup files and indent.log: Reference/ReferenceBook
INFO: Perl modules are being loaded from the following directories:
      /usr/share/perl5/core_perl/FindBin.pm
      /usr/share/perl5/site_perl/YAML/Tiny.pm
      /usr/share/perl5/core_perl/File/Copy.pm
      /usr/share/perl5/core_perl/File/Basename.pm
      /usr/share/perl5/core_perl/Getopt/Long.pm
      /usr/share/perl5/site_perl/File/HomeDir.pm
      /usr/lib/perl5/5.28/site_perl/Unicode/GCString.pm
      /usr/share/perl5/site_perl/Log/Log4perl.pm
INFO: Latex Indent perl modules are being loaded from, for example:
      /home/san/.miktex/texmfs/install/scripts/latexindent/LatexIndent/Document.pm
INFO: YAML settings read: defaultSettings.yaml
      Reading defaultSettings.yaml from /home/san/.miktex/texmfs/install/scripts/latexindent/defaultSettings.yaml
INFO: YAML settings read: indentconfig.yaml or .indentconfig.yaml
      Home directory is /home/san (didn't find either indentconfig.yaml or .indentconfig.yaml)
      To specify user settings you would put indentconfig.yaml here: /home/san/indentconfig.yaml
      Alternatively, you can use the hidden file .indentconfig.yaml as: /home/san/.indentconfig.yaml
INFO: Phase 1: searching for objects
INFO: Phase 2: finding surrounding indentation
INFO: Phase 3: indenting objects
INFO: Phase 4: final indentation check
INFO: Output routine:
      Not outputting to file; see -w and -o switches for more options.
      --------------
INFO: Please direct all communication/issues to:
      https://github.com/cmhughes/latexindent.pl
