\section{Coding Resources}
\subsection{Python}
\subsubsection{SortListOfClass}
\inputminted[breaklines]{py}{"/home/san/CODE/Algorithms/CompetitiveReusableCode/Coding Resources/Python/SortListOfClass.py"}
\subsubsection{Fast IO}
\inputminted[breaklines]{py}{"/home/san/CODE/Algorithms/CompetitiveReusableCode/Coding Resources/Python/Fast IO.py"}
\subsection{C++}
\subsubsection{ReadLineCpp}
\inputminted[breaklines]{cpp}{"/home/san/CODE/Algorithms/CompetitiveReusableCode/Coding Resources/C++/ReadLineCpp.cpp"}
\subsubsection{PrintVector}
\inputminted[breaklines]{cpp}{"/home/san/CODE/Algorithms/CompetitiveReusableCode/Coding Resources/C++/PrintVector.cpp"}
\subsubsection{PriorityQueueOfClass}
\inputminted[breaklines]{cpp}{"/home/san/CODE/Algorithms/CompetitiveReusableCode/Coding Resources/C++/PriorityQueueOfClass.cpp"}
\subsubsection{SortPair}
\inputminted[breaklines]{cpp}{"/home/san/CODE/Algorithms/CompetitiveReusableCode/Coding Resources/C++/SortPair.cpp"}
\subsubsection{IntToBinary}
\inputminted[breaklines]{cpp}{"/home/san/CODE/Algorithms/CompetitiveReusableCode/Coding Resources/C++/IntToBinary.cpp"}
\subsubsection{SplitString}
\inputminted[breaklines]{cpp}{"/home/san/CODE/Algorithms/CompetitiveReusableCode/Coding Resources/C++/SplitString.cpp"}
\subsubsection{IOoptimizationCPP}
\inputminted[breaklines]{cpp}{"/home/san/CODE/Algorithms/CompetitiveReusableCode/Coding Resources/C++/IOoptimizationCPP.cpp"}
\subsubsection{SortVectorOfClass}
\inputminted[breaklines]{cpp}{"/home/san/CODE/Algorithms/CompetitiveReusableCode/Coding Resources/C++/SortVectorOfClass.cpp"}
\section{Multiple Queries}
\subsection{Mo}
\inputminted[breaklines]{cpp}{"/home/san/CODE/Algorithms/CompetitiveReusableCode/Multiple Queries/Mo.cpp"}
\subsection{SqrtDecomposition}
\inputminted[breaklines]{cpp}{"/home/san/CODE/Algorithms/CompetitiveReusableCode/Multiple Queries/SqrtDecomposition.cpp"}
\section{Maths}
\subsection{Combinatorics}
\subsection{Number Theory}
\subsection{Probability}
\subsection{Game Theory}
\section{Geometry}
\section{Strings}
\section{Graphs}
\subsection{TopologicalSort}
\inputminted[breaklines]{cpp}{"/home/san/CODE/Algorithms/CompetitiveReusableCode/Graphs/TopologicalSort.cpp"}
\subsection{MaxFlowDinic}
\inputminted[breaklines]{cpp}{"/home/san/CODE/Algorithms/CompetitiveReusableCode/Graphs/MaxFlowDinic.cpp"}
\subsection{MinimumCut}
\inputminted[breaklines]{cpp}{"/home/san/CODE/Algorithms/CompetitiveReusableCode/Graphs/MinimumCut.cpp"}
\subsection{Dijkstra}
\inputminted[breaklines]{cpp}{"/home/san/CODE/Algorithms/CompetitiveReusableCode/Graphs/Dijkstra.cpp"}
\subsection{UnionFind}
\inputminted[breaklines]{cpp}{"/home/san/CODE/Algorithms/CompetitiveReusableCode/Graphs/UnionFind.cpp"}
\subsection{CycleInUndirectedGraph}
\inputminted[breaklines]{cpp}{"/home/san/CODE/Algorithms/CompetitiveReusableCode/Graphs/CycleInUndirectedGraph.cpp"}
\subsection{IsBipartite}
\inputminted[breaklines]{cpp}{"/home/san/CODE/Algorithms/CompetitiveReusableCode/Graphs/IsBipartite.cpp"}
\subsection{CycleInDirectedGraph}
\inputminted[breaklines]{cpp}{"/home/san/CODE/Algorithms/CompetitiveReusableCode/Graphs/CycleInDirectedGraph.cpp"}
\subsection{FloodFill}
\inputminted[breaklines]{cpp}{"/home/san/CODE/Algorithms/CompetitiveReusableCode/Graphs/FloodFill.cpp"}
\subsection{KruskalMST}
\inputminted[breaklines]{cpp}{"/home/san/CODE/Algorithms/CompetitiveReusableCode/Graphs/KruskalMST.cpp"}
\section{Rare Topics}
\section{Data Structures}
