\section{Strings}
\subsection{trie}
\inputminted[breaklines]{cpp}{Strings/trie.cpp}
\subsection{kmp}
\inputminted[breaklines]{cpp}{Strings/kmp.cpp}
\subsection{rabinKarp}
\inputminted[breaklines]{cpp}{Strings/rabinKarp.cpp}
\section{Graphs}
\subsection{indexedPriorityQueue}
\inputminted[breaklines]{cpp}{Graphs/indexedPriorityQueue.cpp}
\subsection{dijkstra}
\inputminted[breaklines]{cpp}{Graphs/dijkstra.cpp}
\subsection{connectedComponents}
\inputminted[breaklines]{cpp}{Graphs/connectedComponents.cpp}
\subsection{graphAPI}
\inputminted[breaklines]{cpp}{Graphs/graphAPI.cpp}
\subsection{bellmanFord}
\inputminted[breaklines]{cpp}{Graphs/bellmanFord.cpp}
\subsection{kruskalMST}
\inputminted[breaklines]{cpp}{Graphs/kruskalMST.cpp}
\subsection{topologicalSort}
\inputminted[breaklines]{cpp}{Graphs/topologicalSort.cpp}
\subsection{maxFlow}
\inputminted[breaklines]{cpp}{Graphs/maxFlow.cpp}
\subsection{unionFind}
\inputminted[breaklines]{cpp}{Graphs/unionFind.cpp}
\section{NumberTheory}
\subsection{extendedEuclidean}
\inputminted[breaklines]{cpp}{NumberTheory/extendedEuclidean.cpp}
\subsection{divisibilityCriterion}
\inputminted[breaklines]{py}{NumberTheory/divisibilityCriterion.py}
\subsection{gcd}
\inputminted[breaklines]{cpp}{NumberTheory/gcd.cpp}
\section{Primes}
\subsection{myPrimesSieve}
\inputminted[breaklines]{py}{Primes/myPrimesSieve.py}
\subsection{primeFactorization}
\inputminted[breaklines]{py}{Primes/primeFactorization.py}
\subsection{isPrimeSieve}
\inputminted[breaklines]{cpp}{Primes/isPrimeSieve.cpp}
\subsection{isPrimeMillerRabin}
\inputminted[breaklines]{py}{Primes/isPrimeMillerRabin.py}
\subsection{primesSievesComparison}
\inputminted[breaklines]{py}{Primes/primesSievesComparison.py}
\subsection{primesSievesComparison}
\inputminted[breaklines]{cpp}{Primes/primesSievesComparison.cpp}
\subsection{primeFactorization}
\inputminted[breaklines]{cpp}{Primes/primeFactorization.cpp}
\subsection{myPrimesSieve}
\inputminted[breaklines]{cpp}{Primes/myPrimesSieve.cpp}
\section{CodingResources}
\subsection{priorityQueueOfClass}
\inputminted[breaklines]{cpp}{CodingResources/priorityQueueOfClass.cpp}
\subsection{printVector}
\inputminted[breaklines]{cpp}{CodingResources/printVector.cpp}
\subsection{splitString}
\inputminted[breaklines]{cpp}{CodingResources/splitString.cpp}
\subsection{intToBinary}
\inputminted[breaklines]{cpp}{CodingResources/intToBinary.cpp}
\subsection{readLineCpp}
\inputminted[breaklines]{cpp}{CodingResources/readLineCpp.cpp}
\subsection{sortVectorOfClass}
\inputminted[breaklines]{cpp}{CodingResources/sortVectorOfClass.cpp}
\subsection{sortListOfClass}
\inputminted[breaklines]{py}{CodingResources/sortListOfClass.py}
