\BOOKMARK [1][-]{section.1}{Strings}{}% 1
\BOOKMARK [2][-]{subsection.1.1}{trie}{section.1}% 2
\BOOKMARK [2][-]{subsection.1.2}{kmp}{section.1}% 3
\BOOKMARK [2][-]{subsection.1.3}{rabinKarp}{section.1}% 4
\BOOKMARK [1][-]{section.2}{Graphs}{}% 5
\BOOKMARK [2][-]{subsection.2.1}{indexedPriorityQueue}{section.2}% 6
\BOOKMARK [2][-]{subsection.2.2}{dijkstra}{section.2}% 7
\BOOKMARK [2][-]{subsection.2.3}{connectedComponents}{section.2}% 8
\BOOKMARK [2][-]{subsection.2.4}{graphAPI}{section.2}% 9
\BOOKMARK [2][-]{subsection.2.5}{bellmanFord}{section.2}% 10
\BOOKMARK [2][-]{subsection.2.6}{kruskalMST}{section.2}% 11
\BOOKMARK [2][-]{subsection.2.7}{topologicalSort}{section.2}% 12
\BOOKMARK [2][-]{subsection.2.8}{unionFind}{section.2}% 13
\BOOKMARK [1][-]{section.3}{NumberTheory}{}% 14
\BOOKMARK [2][-]{subsection.3.1}{extendedEuclidean}{section.3}% 15
\BOOKMARK [2][-]{subsection.3.2}{divisibilityCriterion}{section.3}% 16
\BOOKMARK [2][-]{subsection.3.3}{gcd}{section.3}% 17
\BOOKMARK [1][-]{section.4}{Primes}{}% 18
\BOOKMARK [2][-]{subsection.4.1}{myPrimesSieve}{section.4}% 19
\BOOKMARK [2][-]{subsection.4.2}{primeFactorization}{section.4}% 20
\BOOKMARK [2][-]{subsection.4.3}{isPrimeSieve}{section.4}% 21
\BOOKMARK [2][-]{subsection.4.4}{isPrimeMillerRabin}{section.4}% 22
\BOOKMARK [2][-]{subsection.4.5}{primesSievesComparison}{section.4}% 23
\BOOKMARK [2][-]{subsection.4.6}{primesSievesComparison}{section.4}% 24
\BOOKMARK [2][-]{subsection.4.7}{primeFactorization}{section.4}% 25
\BOOKMARK [2][-]{subsection.4.8}{myPrimesSieve}{section.4}% 26
\BOOKMARK [1][-]{section.5}{CodingResources}{}% 27
\BOOKMARK [2][-]{subsection.5.1}{priorityQueueOfClass}{section.5}% 28
\BOOKMARK [2][-]{subsection.5.2}{printVector}{section.5}% 29
\BOOKMARK [2][-]{subsection.5.3}{splitString}{section.5}% 30
\BOOKMARK [2][-]{subsection.5.4}{intToBinary}{section.5}% 31
\BOOKMARK [2][-]{subsection.5.5}{readLineCpp}{section.5}% 32
\BOOKMARK [2][-]{subsection.5.6}{sortVectorOfClass}{section.5}% 33
\BOOKMARK [2][-]{subsection.5.7}{sortListOfClass}{section.5}% 34
