\BOOKMARK [1][-]{section.1}{Coding Resources}{}% 1
\BOOKMARK [2][-]{subsection.1.1}{Python}{section.1}% 2
\BOOKMARK [3][-]{subsubsection.1.1.1}{SortListOfClass}{subsection.1.1}% 3
\BOOKMARK [3][-]{subsubsection.1.1.2}{Fast IO}{subsection.1.1}% 4
\BOOKMARK [2][-]{subsection.1.2}{C++}{section.1}% 5
\BOOKMARK [3][-]{subsubsection.1.2.1}{ReadLineCpp}{subsection.1.2}% 6
\BOOKMARK [3][-]{subsubsection.1.2.2}{PrintVector}{subsection.1.2}% 7
\BOOKMARK [3][-]{subsubsection.1.2.3}{PriorityQueueOfClass}{subsection.1.2}% 8
\BOOKMARK [3][-]{subsubsection.1.2.4}{SortPair}{subsection.1.2}% 9
\BOOKMARK [3][-]{subsubsection.1.2.5}{IntToBinary}{subsection.1.2}% 10
\BOOKMARK [3][-]{subsubsection.1.2.6}{SplitString}{subsection.1.2}% 11
\BOOKMARK [3][-]{subsubsection.1.2.7}{IOoptimizationCPP}{subsection.1.2}% 12
\BOOKMARK [3][-]{subsubsection.1.2.8}{SortVectorOfClass}{subsection.1.2}% 13
\BOOKMARK [1][-]{section.2}{Multiple Queries}{}% 14
\BOOKMARK [2][-]{subsection.2.1}{Mo}{section.2}% 15
\BOOKMARK [2][-]{subsection.2.2}{SqrtDecomposition}{section.2}% 16
\BOOKMARK [1][-]{section.3}{Maths}{}% 17
\BOOKMARK [2][-]{subsection.3.1}{Combinatorics}{section.3}% 18
\BOOKMARK [2][-]{subsection.3.2}{Number Theory}{section.3}% 19
\BOOKMARK [2][-]{subsection.3.3}{Probability}{section.3}% 20
\BOOKMARK [2][-]{subsection.3.4}{Game Theory}{section.3}% 21
\BOOKMARK [1][-]{section.4}{Geometry}{}% 22
\BOOKMARK [1][-]{section.5}{Strings}{}% 23
\BOOKMARK [1][-]{section.6}{Graphs}{}% 24
\BOOKMARK [2][-]{subsection.6.1}{TopologicalSort}{section.6}% 25
\BOOKMARK [2][-]{subsection.6.2}{MaxFlowDinic}{section.6}% 26
\BOOKMARK [2][-]{subsection.6.3}{MinimumCut}{section.6}% 27
\BOOKMARK [2][-]{subsection.6.4}{Dijkstra}{section.6}% 28
\BOOKMARK [2][-]{subsection.6.5}{UnionFind}{section.6}% 29
\BOOKMARK [2][-]{subsection.6.6}{CycleInUndirectedGraph}{section.6}% 30
\BOOKMARK [2][-]{subsection.6.7}{IsBipartite}{section.6}% 31
\BOOKMARK [2][-]{subsection.6.8}{CycleInDirectedGraph}{section.6}% 32
\BOOKMARK [2][-]{subsection.6.9}{FloodFill}{section.6}% 33
\BOOKMARK [2][-]{subsection.6.10}{KruskalMST}{section.6}% 34
\BOOKMARK [1][-]{section.7}{Rare Topics}{}% 35
\BOOKMARK [1][-]{section.8}{Data Structures}{}% 36
