\BOOKMARK [1][-]{section*.2}{Coding Resources}{}% 1
\BOOKMARK [2][-]{section*.3}{C++}{section*.2}% 2
\BOOKMARK [3][-]{section*.4}{Decimal Precision.cpp}{section*.3}% 3
\BOOKMARK [3][-]{section*.5}{Include All Libraries.cpp}{section*.3}% 4
\BOOKMARK [3][-]{section*.6}{Int To Binary.cpp}{section*.3}% 5
\BOOKMARK [3][-]{section*.7}{IO Optimization.cpp}{section*.3}% 6
\BOOKMARK [3][-]{section*.8}{Map Value To Int.cpp}{section*.3}% 7
\BOOKMARK [3][-]{section*.9}{Permutations.cpp}{section*.3}% 8
\BOOKMARK [3][-]{section*.10}{Print Vector.cpp}{section*.3}% 9
\BOOKMARK [3][-]{section*.11}{Priority Queue Of Object.cpp}{section*.3}% 10
\BOOKMARK [3][-]{section*.12}{Random.cpp}{section*.3}% 11
\BOOKMARK [3][-]{section*.13}{Read Line.cpp}{section*.3}% 12
\BOOKMARK [3][-]{section*.14}{Sort Pair.cpp}{section*.3}% 13
\BOOKMARK [3][-]{section*.15}{Sort Vector Of Object.cpp}{section*.3}% 14
\BOOKMARK [3][-]{section*.16}{Split String.cpp}{section*.3}% 15
\BOOKMARK [3][-]{section*.17}{Typedef.cpp}{section*.3}% 16
\BOOKMARK [2][-]{section*.18}{Python}{section*.2}% 17
\BOOKMARK [3][-]{section*.19}{Combinations.py}{section*.18}% 18
\BOOKMARK [3][-]{section*.20}{Fast IO.py}{section*.18}% 19
\BOOKMARK [3][-]{section*.21}{Permutations.py}{section*.18}% 20
\BOOKMARK [3][-]{section*.22}{Random.py}{section*.18}% 21
\BOOKMARK [3][-]{section*.23}{Sort List.py}{section*.18}% 22
\BOOKMARK [3][-]{section*.24}{Sort List Of Object.py}{section*.18}% 23
\BOOKMARK [1][-]{section*.25}{Data Structures}{}% 24
\BOOKMARK [2][-]{section*.26}{Geometry}{section*.25}% 25
\BOOKMARK [3][-]{section*.27}{K-D Tree.cpp}{section*.26}% 26
\BOOKMARK [2][-]{section*.28}{Graphs}{section*.25}% 27
\BOOKMARK [3][-]{section*.29}{UnionFind.cpp}{section*.28}% 28
\BOOKMARK [2][-]{section*.30}{Ranges}{section*.25}% 29
\BOOKMARK [3][-]{section*.31}{BIT.cpp}{section*.30}% 30
\BOOKMARK [3][-]{section*.32}{BIT Range Update.cpp}{section*.30}% 31
\BOOKMARK [3][-]{section*.33}{Segment Tree.cpp}{section*.30}% 32
\BOOKMARK [3][-]{section*.34}{Segment Tree Lazy Propagation.cpp}{section*.30}% 33
\BOOKMARK [3][-]{section*.35}{Sparse Table.cpp}{section*.30}% 34
\BOOKMARK [2][-]{section*.36}{Strings}{section*.25}% 35
\BOOKMARK [3][-]{section*.37}{Trie.cpp}{section*.36}% 36
\BOOKMARK [2][-]{section*.38}{Trees And Heaps}{section*.25}% 37
\BOOKMARK [3][-]{section*.39}{Red Black Tree.cpp}{section*.38}% 38
\BOOKMARK [3][-]{section*.40}{Treap.cpp}{section*.38}% 39
\BOOKMARK [1][-]{section*.41}{Geometry}{}% 40
\BOOKMARK [2][-]{section*.42}{Max Interval Overlap.cpp}{section*.41}% 41
\BOOKMARK [1][-]{section*.43}{Graphs}{}% 42
\BOOKMARK [2][-]{section*.44}{Articulation Points And Bridges.cpp}{section*.43}% 43
\BOOKMARK [2][-]{section*.45}{Connected Components.cpp}{section*.43}% 44
\BOOKMARK [2][-]{section*.46}{Flood Fill.cpp}{section*.43}% 45
\BOOKMARK [2][-]{section*.47}{Is Bipartite.cpp}{section*.43}% 46
\BOOKMARK [2][-]{section*.48}{LCA.cpp}{section*.43}% 47
\BOOKMARK [2][-]{section*.49}{MST Kruskal.cpp}{section*.43}% 48
\BOOKMARK [2][-]{section*.50}{MST Prim.cpp}{section*.43}% 49
\BOOKMARK [2][-]{section*.51}{Strongly Connected Components.cpp}{section*.43}% 50
\BOOKMARK [2][-]{section*.52}{Topological Sort.cpp}{section*.43}% 51
\BOOKMARK [2][-]{section*.53}{Cycles}{section*.43}% 52
\BOOKMARK [3][-]{section*.54}{Get All Simple Cycles.cpp}{section*.53}% 53
\BOOKMARK [3][-]{section*.55}{Get Some Cycles.cpp}{section*.53}% 54
\BOOKMARK [3][-]{section*.56}{Has Cycle.cpp}{section*.53}% 55
\BOOKMARK [2][-]{section*.57}{Flow}{section*.43}% 56
\BOOKMARK [3][-]{section*.58}{Max Flow Dinic.cpp}{section*.57}% 57
\BOOKMARK [3][-]{section*.59}{Maximum Bipartite Matching.cpp}{section*.57}% 58
\BOOKMARK [2][-]{section*.60}{ShortestPaths}{section*.43}% 59
\BOOKMARK [3][-]{section*.61}{Bellman Ford.cpp}{section*.60}% 60
\BOOKMARK [3][-]{section*.62}{Dijkstra.cpp}{section*.60}% 61
\BOOKMARK [1][-]{section*.63}{Maths}{}% 62
\BOOKMARK [2][-]{section*.64}{Number Theory}{section*.63}% 63
\BOOKMARK [3][-]{section*.65}{Divisibility Criterion.py}{section*.64}% 64
\BOOKMARK [3][-]{section*.66}{Extended Euclidean.cpp}{section*.64}% 65
\BOOKMARK [3][-]{section*.67}{GCD.cpp}{section*.64}% 66
\BOOKMARK [3][-]{section*.68}{LCM.cpp}{section*.64}% 67
\BOOKMARK [3][-]{section*.69}{Prime Check Miller Rabin.py}{section*.64}% 68
\BOOKMARK [3][-]{section*.70}{Prime Sieve.cpp}{section*.64}% 69
\BOOKMARK [1][-]{section*.71}{Strings}{}% 70
\BOOKMARK [2][-]{section*.72}{KMP.cpp}{section*.71}% 71
\BOOKMARK [2][-]{section*.73}{Rabin Karp.cpp}{section*.71}% 72
\BOOKMARK [1][-]{section*.74}{Techniques}{}% 73
\BOOKMARK [2][-]{section*.75}{Binary Search.cpp}{section*.74}% 74
\BOOKMARK [2][-]{section*.76}{Multiple Queries}{section*.74}% 75
\BOOKMARK [3][-]{section*.77}{Mo.cpp}{section*.76}% 76
\BOOKMARK [3][-]{section*.78}{SQRT Decomposition.cpp}{section*.76}% 77
