This is LuaTeX, Version 1.07.0 (MiKTeX 2.9.6840)  (format=lualatex 2018.9.14)  2 DEC 2018 01:20
 system commands enabled.
 file:line:error style messages enabled.
**Reference.tex
(./Reference.tex
LaTeX2e <2018-04-01> patch level 5
Lua module: luaotfload-main 2017/01/29 2.80001 OpenType layout system.
Lua module: lualibs 2017-02-01 2.5 ConTeXt Lua standard libraries.
Lua module: lualibs-extended 2017-02-01 2.5 ConTeXt Lua libraries -- extended co
llection.(using cache: /home/san/.miktex/texmfs/data/luatex-cache/generic)
luaotfload | conf : Root cache directory is /home/san/.miktex/texmfs/data/luatex
-cache/generic/names.
luaotfload | init : Loading fontloader “fontloader-2017-02-11.lua” from kpse
-resolved path “/home/san/.miktex/texmfs/install/tex/luatex/luaotfload/fontloa
der-2017-02-11.lua”.
Lua-only attribute luaotfload@state = 1
Lua-only attribute luaotfload@noligature = 2
Lua-only attribute luaotfload@syllabe = 3
luaotfload | init : Context OpenType loader version “3.027”
Inserting `luaotfload.node_processor' at position 1 in `pre_linebreak_filter'.
Inserting `luaotfload.node_processor' at position 1 in `hpack_filter'.
Inserting `luaotfload.define_font' at position 1 in `define_font'.
Lua-only attribute luaotfload_color_attribute = 4
luaotfload | conf : Root cache directory is /home/san/.miktex/texmfs/data/luatex
-cache/generic/names.
Inserting `luaotfload.aux.set_sscale_dimens' at position 1 in `luaotfload.patch_
font'.
Inserting `luaotfload.aux.patch_cambria_domh' at position 2 in `luaotfload.patch
_font'.
Inserting `luaotfload.aux.fixup_fontdata' at position 1 in `luaotfload.patch_fon
t_unsafe'.
Inserting `luaotfload.aux.set_capheight' at position 3 in `luaotfload.patch_font
'.
Inserting `luaotfload.rewrite_fontname' at position 4 in `luaotfload.patch_font'
.
luaotfload | main : initialization completed in 0.111 seconds
(/home/san/.miktex/texmfs/install/tex/latex/base/article.cls
Document Class: article 2014/09/29 v1.4h Standard LaTeX document class
(/home/san/.miktex/texmfs/install/tex/latex/base/size10.clo
File: size10.clo 2014/09/29 v1.4h Standard LaTeX file (size option)
luaotfload | db : Font names database loaded from /home/san/.miktex/texmfs/data/
luatex-cache/generic/names/luaotfload-names.luc(load luc: /home/san/.miktex/texm
fs/data/luatex-cache/generic/fonts/otl/lmroman10-regular.luc))
\c@part=\count80
\c@section=\count81
\c@subsection=\count82
\c@subsubsection=\count83
\c@paragraph=\count84
\c@subparagraph=\count85
\c@figure=\count86
\c@table=\count87
\abovecaptionskip=\skip41
\belowcaptionskip=\skip42
\bibindent=\dimen102
)
(/home/san/.miktex/texmfs/install/tex/latex/base/inputenc.sty
Package: inputenc 2018/04/06 v1.3b Input encoding file
\inpenc@prehook=\toks14
\inpenc@posthook=\toks15


Package inputenc Warning: inputenc package ignored with utf8 based engines.

) (/home/san/.miktex/texmfs/install/tex/generic/babel/babel.sty
Package: babel 2018/09/02 3.23 The Babel package

(/home/san/.miktex/texmfs/install/tex/generic/babel/switch.def
File: switch.def 2018/09/02 3.23 Babel switching mechanism
)
(/home/san/.miktex/texmfs/install/tex/generic/babel/luababel.def)
*************************************
* Local config file bblopts.cfg used
*
(/home/san/.miktex/texmfs/install/tex/latex/arabi/bblopts.cfg
File: bblopts.cfg 2005/09/08 v0.1 add Arabic and Farsi to "declared" options of 
babel
)
(/home/san/.miktex/texmfs/install/tex/latex/babel-english/english.ldf
Language: english 2017/06/06 v3.3r English support from the babel system

(/home/san/.miktex/texmfs/install/tex/generic/babel/babel.def
File: babel.def 2018/09/02 3.23 Babel common definitions
\babel@savecnt=\count88
\U@D=\dimen103

(/home/san/.miktex/texmfs/install/tex/generic/babel/luababel.def))
\l@british = a dialect from \language\l@english 
\l@UKenglish = a dialect from \language\l@english 
\l@american = a dialect from \language\l@english 
\l@canadian = a dialect from \language\l@american 
\l@australian = a dialect from \language\l@british 
\l@newzealand = a dialect from \language\l@british 
Package babel Info: No hyphenation patterns were set for
(babel)             language 'english'. Reported on input line 191.
))
(/home/san/.miktex/texmfs/install/tex/latex/geometry/geometry.sty
Package: geometry 2018/04/16 v5.8 Page Geometry

(/home/san/.miktex/texmfs/install/tex/latex/graphics/keyval.sty
Package: keyval 2014/10/28 v1.15 key=value parser (DPC)
\KV@toks@=\toks16
)
(/home/san/.miktex/texmfs/install/tex/generic/oberdiek/ifpdf.sty
Package: ifpdf 2018/09/07 v3.3 Provides the ifpdf switch
)
(/home/san/.miktex/texmfs/install/tex/generic/oberdiek/ifvtex.sty
Package: ifvtex 2016/05/16 v1.6 Detect VTeX and its facilities (HO)
Package ifvtex Info: VTeX not detected.
)
(/home/san/.miktex/texmfs/install/tex/generic/ifxetex/ifxetex.sty
Package: ifxetex 2010/09/12 v0.6 Provides ifxetex conditional
)
\Gm@cnth=\count89
\Gm@cntv=\count90
\c@Gm@tempcnt=\count91
\Gm@bindingoffset=\dimen104
\Gm@wd@mp=\dimen105
\Gm@odd@mp=\dimen106
\Gm@even@mp=\dimen107
\Gm@layoutwidth=\dimen108
\Gm@layoutheight=\dimen109
\Gm@layouthoffset=\dimen110
\Gm@layoutvoffset=\dimen111
\Gm@dimlist=\toks17

(/home/san/.miktex/texmfs/install/tex/latex/geometry/geometry.cfg))
(/home/san/.miktex/texmfs/install/tex/latex/tools/multicol.sty
Package: multicol 2018/04/20 v1.8s multicolumn formatting (FMi)
\c@tracingmulticols=\count92
\mult@box=\box26
\multicol@leftmargin=\dimen112
\c@unbalance=\count93
\c@collectmore=\count94
\doublecol@number=\count95
\multicoltolerance=\count96
\multicolpretolerance=\count97
\full@width=\dimen113
\page@free=\dimen114
\premulticols=\dimen115
\postmulticols=\dimen116
\multicolsep=\skip43
\multicolbaselineskip=\skip44
\partial@page=\box27
\last@line=\box28
\maxbalancingoverflow=\dimen117
\mult@rightbox=\box29
\mult@grightbox=\box30
\mult@gfirstbox=\box31
\mult@firstbox=\box32
\@tempa=\box33
\@tempa=\box34
\@tempa=\box35
\@tempa=\box36
\@tempa=\box37
\@tempa=\box38
\@tempa=\box39
\@tempa=\box40
\@tempa=\box41
\@tempa=\box42
\@tempa=\box43
\@tempa=\box44
\@tempa=\box45
\@tempa=\box46
\@tempa=\box47
\@tempa=\box48
\@tempa=\box49
\c@columnbadness=\count98
\c@finalcolumnbadness=\count99
\last@try=\dimen118
\multicolovershoot=\dimen119
\multicolundershoot=\dimen120
\mult@nat@firstbox=\box50
\colbreak@box=\box51
\mc@col@check@num=\count100
)
(/home/san/.miktex/texmfs/install/tex/latex/minted/minted.sty
Package: minted 2017/07/19 v2.5 Yet another Pygments shim for LaTeX

(/home/san/.miktex/texmfs/install/tex/latex/oberdiek/kvoptions.sty
Package: kvoptions 2016/05/16 v3.12 Key value format for package options (HO)

(/home/san/.miktex/texmfs/install/tex/generic/oberdiek/ltxcmds.sty
Package: ltxcmds 2016/05/16 v1.23 LaTeX kernel commands for general use (HO)
)
(/home/san/.miktex/texmfs/install/tex/generic/oberdiek/kvsetkeys.sty
Package: kvsetkeys 2016/05/16 v1.17 Key value parser (HO)

(/home/san/.miktex/texmfs/install/tex/generic/oberdiek/infwarerr.sty
Package: infwarerr 2016/05/16 v1.4 Providing info/warning/error messages (HO)
)
(/home/san/.miktex/texmfs/install/tex/generic/oberdiek/etexcmds.sty
Package: etexcmds 2016/05/16 v1.6 Avoid name clashes with e-TeX commands (HO)

(/home/san/.miktex/texmfs/install/tex/generic/oberdiek/ifluatex.sty
Package: ifluatex 2016/05/16 v1.4 Provides the ifluatex switch (HO)
Package ifluatex Info: LuaTeX detected.
))))
(/home/san/.miktex/texmfs/install/tex/latex/fvextra/fvextra.sty
Package: fvextra 2017/07/08 v1.3.1 fvextra - extensions and patches for fancyvrb


(/home/san/.miktex/texmfs/install/tex/latex/base/ifthen.sty
Package: ifthen 2014/09/29 v1.1c Standard LaTeX ifthen package (DPC)
)
(/home/san/.miktex/texmfs/install/tex/latex/etoolbox/etoolbox.sty
Package: etoolbox 2018/08/19 v2.5f e-TeX tools for LaTeX (JAW)
\etb@tempcnta=\count101
)
(/home/san/.miktex/texmfs/install/tex/latex/fancyvrb/fancyvrb.sty
Package: fancyvrb 2008/02/07

Style option: `fancyvrb' v2.7a, with DG/SPQR fixes, and firstline=lastline fix 
<2008/02/07> (tvz)
\FV@CodeLineNo=\count102
\FV@InFile=\read1
\FV@TabBox=\box52
\c@FancyVerbLine=\count103
\FV@StepNumber=\count104
\FV@OutFile=\write3
)
(/home/san/.miktex/texmfs/install/tex/latex/upquote/upquote.sty
Package: upquote 2012/04/19 v1.3 upright-quote and grave-accent glyphs in verbat
im

(/home/san/.miktex/texmfs/install/tex/latex/base/textcomp.sty
Package: textcomp 2017/04/05 v2.0i Standard LaTeX package
Package textcomp Info: Sub-encoding information:
(textcomp)               5 = only ISO-Adobe without \textcurrency
(textcomp)               4 = 5 + \texteuro
(textcomp)               3 = 4 + \textohm
(textcomp)               2 = 3 + \textestimated + \textcurrency
(textcomp)               1 = TS1 - \textcircled - \t
(textcomp)               0 = TS1 (full)
(textcomp)             Font families with sub-encoding setting implement
(textcomp)             only a restricted character set as indicated.
(textcomp)             Family '?' is the default used for unknown fonts.
(textcomp)             See the documentation for details.
Package textcomp Info: Setting ? sub-encoding to TS1/1 on input line 79.

(/home/san/.miktex/texmfs/install/tex/latex/base/ts1enc.def
File: ts1enc.def 2001/06/05 v3.0e (jk/car/fm) Standard LaTeX file
)
LaTeX Info: Redefining \oldstylenums on input line 334.
Package textcomp Info: Setting cmr sub-encoding to TS1/0 on input line 349.
Package textcomp Info: Setting cmss sub-encoding to TS1/0 on input line 350.
Package textcomp Info: Setting cmtt sub-encoding to TS1/0 on input line 351.
Package textcomp Info: Setting cmvtt sub-encoding to TS1/0 on input line 352.
Package textcomp Info: Setting cmbr sub-encoding to TS1/0 on input line 353.
Package textcomp Info: Setting cmtl sub-encoding to TS1/0 on input line 354.
Package textcomp Info: Setting ccr sub-encoding to TS1/0 on input line 355.
Package textcomp Info: Setting ptm sub-encoding to TS1/4 on input line 356.
Package textcomp Info: Setting pcr sub-encoding to TS1/4 on input line 357.
Package textcomp Info: Setting phv sub-encoding to TS1/4 on input line 358.
Package textcomp Info: Setting ppl sub-encoding to TS1/3 on input line 359.
Package textcomp Info: Setting pag sub-encoding to TS1/4 on input line 360.
Package textcomp Info: Setting pbk sub-encoding to TS1/4 on input line 361.
Package textcomp Info: Setting pnc sub-encoding to TS1/4 on input line 362.
Package textcomp Info: Setting pzc sub-encoding to TS1/4 on input line 363.
Package textcomp Info: Setting bch sub-encoding to TS1/4 on input line 364.
Package textcomp Info: Setting put sub-encoding to TS1/5 on input line 365.
Package textcomp Info: Setting uag sub-encoding to TS1/5 on input line 366.
Package textcomp Info: Setting ugq sub-encoding to TS1/5 on input line 367.
Package textcomp Info: Setting ul8 sub-encoding to TS1/4 on input line 368.
Package textcomp Info: Setting ul9 sub-encoding to TS1/4 on input line 369.
Package textcomp Info: Setting augie sub-encoding to TS1/5 on input line 370.
Package textcomp Info: Setting dayrom sub-encoding to TS1/3 on input line 371.
Package textcomp Info: Setting dayroms sub-encoding to TS1/3 on input line 372.
Package textcomp Info: Setting pxr sub-encoding to TS1/0 on input line 373.
Package textcomp Info: Setting pxss sub-encoding to TS1/0 on input line 374.
Package textcomp Info: Setting pxtt sub-encoding to TS1/0 on input line 375.
Package textcomp Info: Setting txr sub-encoding to TS1/0 on input line 376.
Package textcomp Info: Setting txss sub-encoding to TS1/0 on input line 377.
Package textcomp Info: Setting txtt sub-encoding to TS1/0 on input line 378.
Package textcomp Info: Setting lmr sub-encoding to TS1/0 on input line 379.
Package textcomp Info: Setting lmdh sub-encoding to TS1/0 on input line 380.
Package textcomp Info: Setting lmss sub-encoding to TS1/0 on input line 381.
Package textcomp Info: Setting lmssq sub-encoding to TS1/0 on input line 382.
Package textcomp Info: Setting lmvtt sub-encoding to TS1/0 on input line 383.
Package textcomp Info: Setting lmtt sub-encoding to TS1/0 on input line 384.
Package textcomp Info: Setting qhv sub-encoding to TS1/0 on input line 385.
Package textcomp Info: Setting qag sub-encoding to TS1/0 on input line 386.
Package textcomp Info: Setting qbk sub-encoding to TS1/0 on input line 387.
Package textcomp Info: Setting qcr sub-encoding to TS1/0 on input line 388.
Package textcomp Info: Setting qcs sub-encoding to TS1/0 on input line 389.
Package textcomp Info: Setting qpl sub-encoding to TS1/0 on input line 390.
Package textcomp Info: Setting qtm sub-encoding to TS1/0 on input line 391.
Package textcomp Info: Setting qzc sub-encoding to TS1/0 on input line 392.
Package textcomp Info: Setting qhvc sub-encoding to TS1/0 on input line 393.
Package textcomp Info: Setting futs sub-encoding to TS1/4 on input line 394.
Package textcomp Info: Setting futx sub-encoding to TS1/4 on input line 395.
Package textcomp Info: Setting futj sub-encoding to TS1/4 on input line 396.
Package textcomp Info: Setting hlh sub-encoding to TS1/3 on input line 397.
Package textcomp Info: Setting hls sub-encoding to TS1/3 on input line 398.
Package textcomp Info: Setting hlst sub-encoding to TS1/3 on input line 399.
Package textcomp Info: Setting hlct sub-encoding to TS1/5 on input line 400.
Package textcomp Info: Setting hlx sub-encoding to TS1/5 on input line 401.
Package textcomp Info: Setting hlce sub-encoding to TS1/5 on input line 402.
Package textcomp Info: Setting hlcn sub-encoding to TS1/5 on input line 403.
Package textcomp Info: Setting hlcw sub-encoding to TS1/5 on input line 404.
Package textcomp Info: Setting hlcf sub-encoding to TS1/5 on input line 405.
Package textcomp Info: Setting pplx sub-encoding to TS1/3 on input line 406.
Package textcomp Info: Setting pplj sub-encoding to TS1/3 on input line 407.
Package textcomp Info: Setting ptmx sub-encoding to TS1/4 on input line 408.
Package textcomp Info: Setting ptmj sub-encoding to TS1/4 on input line 409.
))
(/home/san/.miktex/texmfs/install/tex/latex/lineno/lineno.sty
Package: lineno 2005/11/02 line numbers on paragraphs v4.41
\linenopenalty=\count105
\output=\toks18
\linenoprevgraf=\count106
\linenumbersep=\dimen121
\linenumberwidth=\dimen122
\c@linenumber=\count107
\c@pagewiselinenumber=\count108
\c@LN@truepage=\count109
\c@internallinenumber=\count110
\c@internallinenumbers=\count111
\quotelinenumbersep=\dimen123
\bframerule=\dimen124
\bframesep=\dimen125
\bframebox=\box53
LaTeX Info: Redefining \\ on input line 3056.
)
\c@FV@TrueTabGroupLevel=\count112
\c@FV@TrueTabCounter=\count113
\FV@TabBox@Group=\box54
\FV@TmpLength=\skip45
\c@FV@HighlightLinesStart=\count114
\c@FV@HighlightLinesStop=\count115
\FV@LoopCount=\count116
\FV@NCharsBox=\box55
\FV@BreakIndent=\dimen126
\FV@BreakIndentNChars=\count117
\FV@BreakSymbolSepLeft=\dimen127
\FV@BreakSymbolSepLeftNChars=\count118
\FV@BreakSymbolSepRight=\dimen128
\FV@BreakSymbolSepRightNChars=\count119
\FV@BreakSymbolIndentLeft=\dimen129
\FV@BreakSymbolIndentLeftNChars=\count120
\FV@BreakSymbolIndentRight=\dimen130
\FV@BreakSymbolIndentRightNChars=\count121
\c@FancyVerbLineBreakLast=\count122
\FV@LineBox=\box56
\FV@LineIndentBox=\box57
)
(/home/san/.miktex/texmfs/install/tex/latex/tools/calc.sty
Package: calc 2017/05/25 v4.3 Infix arithmetic (KKT,FJ)
\calc@Acount=\count123
\calc@Bcount=\count124
\calc@Adimen=\dimen131
\calc@Bdimen=\dimen132
\calc@Askip=\skip46
\calc@Bskip=\skip47
LaTeX Info: Redefining \setlength on input line 80.
LaTeX Info: Redefining \addtolength on input line 81.
\calc@Ccount=\count125
\calc@Cskip=\skip48
)
(/home/san/.miktex/texmfs/install/tex/latex/tools/shellesc.sty
Package: shellesc 2016/06/07 v0.02a unified shell escape interface for LaTeX
Package shellesc Info: Unrestricted shell escape enabled on input line 67.
)
(/home/san/.miktex/texmfs/install/tex/latex/ifplatform/ifplatform.sty
Package: ifplatform 2017/10/13 v0.4a Testing for the operating system

(/home/san/.miktex/texmfs/install/tex/generic/oberdiek/pdftexcmds.sty
Package: pdftexcmds 2018/09/10 v0.29 Utility functions of pdfTeX for LuaTeX (HO)

Package pdftexcmds Info: \pdf@primitive is available.
Package pdftexcmds Info: \pdf@ifprimitive is available.
Package pdftexcmds Info: \pdfdraftmode found.
\pdftexcmds@toks=\toks19
)
(/home/san/.miktex/texmfs/install/tex/generic/oberdiek/catchfile.sty
Package: catchfile 2016/05/16 v1.7 Catch the contents of a file (HO)
)
(./Reference.w18))
(/home/san/.miktex/texmfs/install/tex/latex/xstring/xstring.sty
(/home/san/.miktex/texmfs/install/tex/generic/xstring/xstring.tex
\@xs@message=\write4
\integerpart=\count126
\decimalpart=\count127
)
Package: xstring 2013/10/13  v1.7c  String manipulations (C Tellechea)
)
(/home/san/.miktex/texmfs/install/tex/latex/framed/framed.sty
Package: framed 2011/10/22 v 0.96: framed or shaded text with page breaks
\OuterFrameSep=\skip49
\fb@frw=\dimen133
\fb@frh=\dimen134
\FrameRule=\dimen135
\FrameSep=\dimen136
)
(/home/san/.miktex/texmfs/install/tex/latex/float/float.sty
Package: float 2001/11/08 v1.3d Float enhancements (AL)
\c@float@type=\count128
\float@exts=\toks20
\float@box=\box58
\@float@everytoks=\toks21
\@floatcapt=\box59
)
\minted@appexistsfile=\read2
\minted@bgbox=\box60
\minted@code=\write5
\c@minted@FancyVerbLineTemp=\count129
\c@minted@pygmentizecounter=\count130
\@float@every@listing=\toks22
\c@listing=\count131
)
(/home/san/.miktex/texmfs/install/tex/latex/python/python.sty
Package: python 2007/06/07 v0.21 Python in LaTeX
\@out=\write6
\@module=\write7
)
(/home/san/.miktex/texmfs/install/tex/latex/hyperref/hyperref.sty
Package: hyperref 2018/02/06 v6.86b Hypertext links for LaTeX

(/home/san/.miktex/texmfs/install/tex/generic/oberdiek/hobsub-hyperref.sty
Package: hobsub-hyperref 2016/05/16 v1.14 Bundle oberdiek, subset hyperref (HO)

(/home/san/.miktex/texmfs/install/tex/generic/oberdiek/hobsub-generic.sty
Package: hobsub-generic 2016/05/16 v1.14 Bundle oberdiek, subset generic (HO)
Package: hobsub 2016/05/16 v1.14 Construct package bundles (HO)
Package hobsub Info: Skipping package `infwarerr' (already loaded).
Package hobsub Info: Skipping package `ltxcmds' (already loaded).
Package hobsub Info: Skipping package `ifluatex' (already loaded).
Package hobsub Info: Skipping package `ifvtex' (already loaded).
Package: intcalc 2016/05/16 v1.2 Expandable calculations with integers (HO)
Package hobsub Info: Skipping package `ifpdf' (already loaded).
Package hobsub Info: Skipping package `etexcmds' (already loaded).
Package hobsub Info: Skipping package `kvsetkeys' (already loaded).
Package: kvdefinekeys 2016/05/16 v1.4 Define keys (HO)
Package: luatex-loader 2016/05/16 v0.6 Lua module loader (HO)

(/home/san/.miktex/texmfs/install/scripts/oberdiek/oberdiek.luatex.lua)
Package hobsub Info: Skipping package `pdftexcmds' (already loaded).
Package: pdfescape 2016/05/16 v1.14 Implements pdfTeX's escape features (HO)
Package: bigintcalc 2016/05/16 v1.4 Expandable calculations on big integers (HO)

Package: bitset 2016/05/16 v1.2 Handle bit-vector datatype (HO)
Package: uniquecounter 2016/05/16 v1.3 Provide unlimited unique counter (HO)
)
Package hobsub Info: Skipping package `hobsub' (already loaded).
Package: letltxmacro 2016/05/16 v1.5 Let assignment for LaTeX macros (HO)
Package: hopatch 2016/05/16 v1.3 Wrapper for package hooks (HO)
Package: xcolor-patch 2016/05/16 xcolor patch
Package: atveryend 2016/05/16 v1.9 Hooks at the very end of document (HO)
Package: atbegshi 2016/06/09 v1.18 At begin shipout hook (HO)
Package: refcount 2016/05/16 v3.5 Data extraction from label references (HO)
Package: hycolor 2016/05/16 v1.8 Color options for hyperref/bookmark (HO)
)
(/home/san/.miktex/texmfs/install/tex/latex/oberdiek/auxhook.sty
Package: auxhook 2016/05/16 v1.4 Hooks for auxiliary files (HO)
)
\@linkdim=\dimen137
\Hy@linkcounter=\count132
\Hy@pagecounter=\count133

(/home/san/.miktex/texmfs/install/tex/latex/hyperref/pd1enc.def
File: pd1enc.def 2018/02/06 v6.86b Hyperref: PDFDocEncoding definition (HO)
)
\Hy@SavedSpaceFactor=\count134

(/home/san/.miktex/texmfs/install/tex/latex/00miktex/hyperref.cfg
File: hyperref.cfg 2002/06/06 v1.2 hyperref configuration of TeXLive
)
Package hyperref Info: Hyper figures OFF on input line 4509.
Package hyperref Info: Link nesting OFF on input line 4514.
Package hyperref Info: Hyper index ON on input line 4517.
Package hyperref Info: Plain pages OFF on input line 4524.
Package hyperref Info: Backreferencing OFF on input line 4529.
Package hyperref Info: Implicit mode ON; LaTeX internals redefined.
Package hyperref Info: Bookmarks ON on input line 4762.
\c@Hy@tempcnt=\count135

(/home/san/.miktex/texmfs/install/tex/latex/url/url.sty
\Urlmuskip=\muskip10
Package: url 2013/09/16  ver 3.4  Verb mode for urls, etc.
)
LaTeX Info: Redefining \url on input line 5115.
\XeTeXLinkMargin=\dimen138
\Fld@menulength=\count136
\Field@Width=\dimen139
\Fld@charsize=\dimen140
Package hyperref Info: Hyper figures OFF on input line 6369.
Package hyperref Info: Link nesting OFF on input line 6374.
Package hyperref Info: Hyper index ON on input line 6377.
Package hyperref Info: backreferencing OFF on input line 6384.
Package hyperref Info: Link coloring OFF on input line 6389.
Package hyperref Info: Link coloring with OCG OFF on input line 6394.
Package hyperref Info: PDF/A mode OFF on input line 6399.
LaTeX Info: Redefining \ref on input line 6439.
LaTeX Info: Redefining \pageref on input line 6443.
\Hy@abspage=\count137
\c@Item=\count138
\c@Hfootnote=\count139
)
Package hyperref Info: Driver (autodetected): hluatex.

(/home/san/.miktex/texmfs/install/tex/latex/hyperref/hluatex.def
File: hluatex.def 2018/02/06 v6.86b Hyperref driver for luaTeX
\Fld@listcount=\count140
\c@bookmark@seq@number=\count141

(/home/san/.miktex/texmfs/install/tex/latex/oberdiek/rerunfilecheck.sty
Package: rerunfilecheck 2016/05/16 v1.8 Rerun checks for auxiliary files (HO)
Package uniquecounter Info: New unique counter `rerunfilecheck' on input line 28
2.
)
\Hy@SectionHShift=\skip50
)
(/home/san/.miktex/texmfs/install/tex/latex/fancyhdr/fancyhdr.sty
Package: fancyhdr 2017/06/30 v3.9a Extensive control of page headers and footers

\f@nch@headwidth=\skip51
\f@nch@O@elh=\skip52
\f@nch@O@erh=\skip53
\f@nch@O@olh=\skip54
\f@nch@O@orh=\skip55
\f@nch@O@elf=\skip56
\f@nch@O@erf=\skip57
\f@nch@O@olf=\skip58
\f@nch@O@orf=\skip59
)
(/home/san/.miktex/texmfs/install/tex/latex/sectsty/sectsty.sty
Package: sectsty 2002/02/25 v2.0.2 Commands to change all sectional heading styl
es
)
(/home/san/.miktex/texmfs/install/tex/latex/listings/listings.sty
\lst@mode=\count142
\lst@gtempboxa=\box61
\lst@token=\toks23
\lst@length=\count143
\lst@currlwidth=\dimen141
\lst@column=\count144
\lst@pos=\count145
\lst@lostspace=\dimen142
\lst@width=\dimen143
\lst@newlines=\count146
\lst@lineno=\count147
\lst@maxwidth=\dimen144

(/home/san/.miktex/texmfs/install/tex/latex/listings/lstmisc.sty
File: lstmisc.sty 2018/09/02 1.7 (Carsten Heinz)
\c@lstnumber=\count148
\lst@skipnumbers=\count149
\lst@framebox=\box62
)
(/home/san/.miktex/texmfs/install/tex/latex/listings/listings.cfg
File: listings.cfg 2018/09/02 1.7 listings configuration
))
Package: listings 2018/09/02 1.7 (Carsten Heinz)

(/home/san/.miktex/texmfs/install/tex/latex/xcolor/xcolor.sty
Package: xcolor 2016/05/11 v2.12 LaTeX color extensions (UK)

(/home/san/.miktex/texmfs/install/tex/latex/graphics-cfg/color.cfg
File: color.cfg 2016/01/02 v1.6 sample color configuration
)
Package xcolor Info: Driver file: luatex.def on input line 225.

(/home/san/.miktex/texmfs/install/tex/latex/graphics-def/luatex.def
File: luatex.def 2018/01/08 v1.0l Graphics/color driver for luatex
)
Package xcolor Info: Model `cmy' substituted by `cmy0' on input line 1348.
Package xcolor Info: Model `hsb' substituted by `rgb' on input line 1352.
Package xcolor Info: Model `RGB' extended on input line 1364.
Package xcolor Info: Model `HTML' substituted by `rgb' on input line 1366.
Package xcolor Info: Model `Hsb' substituted by `hsb' on input line 1367.
Package xcolor Info: Model `tHsb' substituted by `hsb' on input line 1368.
Package xcolor Info: Model `HSB' substituted by `hsb' on input line 1369.
Package xcolor Info: Model `Gray' substituted by `gray' on input line 1370.
Package xcolor Info: Model `wave' substituted by `hsb' on input line 1371.
)
(./Reference.aux
Package babel Info: No hyphenation patterns were set for
(babel)             language 'english'. Reported on input line 19.
)
\openout1 = Reference.aux

LaTeX Font Info:    Checking defaults for OML/cmm/m/it on input line 39.
LaTeX Font Info:    ... okay on input line 39.
LaTeX Font Info:    Checking defaults for T1/cmr/m/n on input line 39.
LaTeX Font Info:    ... okay on input line 39.
LaTeX Font Info:    Checking defaults for OT1/cmr/m/n on input line 39.
LaTeX Font Info:    ... okay on input line 39.
LaTeX Font Info:    Checking defaults for OMS/cmsy/m/n on input line 39.
LaTeX Font Info:    ... okay on input line 39.
LaTeX Font Info:    Checking defaults for TU/lmr/m/n on input line 39.
LaTeX Font Info:    ... okay on input line 39.
LaTeX Font Info:    Checking defaults for OMX/cmex/m/n on input line 39.
LaTeX Font Info:    ... okay on input line 39.
LaTeX Font Info:    Checking defaults for U/cmr/m/n on input line 39.
LaTeX Font Info:    ... okay on input line 39.
LaTeX Font Info:    Checking defaults for TS1/cmr/m/n on input line 39.
LaTeX Font Info:    Try loading font information for TS1+cmr on input line 39.
 (/home/san/.miktex/texmfs/install/tex/latex/base/ts1cmr.fd
File: ts1cmr.fd 2014/09/29 v2.5h Standard LaTeX font definitions
)
LaTeX Font Info:    ... okay on input line 39.
LaTeX Font Info:    Checking defaults for PD1/pdf/m/n on input line 39.
LaTeX Font Info:    ... okay on input line 39.
Package babel Info: No hyphenation patterns were set for
(babel)             language 'english'. Reported on input line 39.

*geometry* driver: auto-detecting
*geometry* detected driver: luatex
*geometry* verbose mode - [ preamble ] result:
* driver: luatex
* paper: a4paper
* layout: <same size as paper>
* layoutoffset:(h,v)=(0.0pt,0.0pt)
* modes: 
* h-part:(L,W,R)=(28.90755pt, 539.69278pt, 28.90755pt)
* v-part:(T,H,B)=(65.04256pt, 722.18808pt, 57.81621pt)
* \paperwidth=597.50787pt
* \paperheight=845.04684pt
* \textwidth=539.69278pt
* \textheight=722.18808pt
* \oddsidemargin=-43.36244pt
* \evensidemargin=-43.36244pt
* \topmargin=-44.22743pt
* \headheight=12.0pt
* \headsep=25.0pt
* \topskip=10.0pt
* \footskip=30.0pt
* \marginparwidth=65.0pt
* \marginparsep=11.0pt
* \columnsep=14.22636pt
* \skip\footins=9.0pt plus 4.0pt minus 2.0pt
* \hoffset=0.0pt
* \voffset=0.0pt
* \mag=1000
* \@twocolumnfalse
* \@twosidefalse
* \@mparswitchfalse
* \@reversemarginfalse
* (1in=72.27pt=25.4mm, 1cm=28.453pt)

\AtBeginShipoutBox=\box63
Package hyperref Info: Link coloring OFF on input line 39.
(/home/san/.miktex/texmfs/install/tex/latex/hyperref/nameref.sty
Package: nameref 2016/05/21 v2.44 Cross-referencing by name of section

(/home/san/.miktex/texmfs/install/tex/generic/oberdiek/gettitlestring.sty
Package: gettitlestring 2016/05/16 v1.5 Cleanup title references (HO)
)
\c@section@level=\count150
)
LaTeX Info: Redefining \ref on input line 39.
LaTeX Info: Redefining \pageref on input line 39.
LaTeX Info: Redefining \nameref on input line 39.

(./Reference.out) (./Reference.out)
\@outlinefile=\write8

\openout8 = Reference.out
\c@lstlisting=\count151

(/home/san/.miktex/texmfs/install/tex/context/base/supp-pdf.mkii
[Loading MPS to PDF converter (version 2006.09.02).]
\scratchcounter=\count152
\scratchdimen=\dimen145
\scratchbox=\box64
\nofMPsegments=\count153
\nofMParguments=\count154
\everyMPshowfont=\toks24
\MPscratchCnt=\count155
\MPscratchDim=\dimen146
\MPnumerator=\count156
\makeMPintoPDFobject=\count157
\everyMPtoPDFconversion=\toks25
)(load luc: /home/san/.miktex/texmfs/data/luatex-cache/generic/fonts/otl/lmroman
17-regular.luc)(load luc: /home/san/.miktex/texmfs/data/luatex-cache/generic/fon
ts/otl/lmroman12-regular.luc)
LaTeX Font Info:    External font `cmex10' loaded for size
(Font)              <12> on input line 42.
LaTeX Font Info:    External font `cmex10' loaded for size
(Font)              <8> on input line 42.
LaTeX Font Info:    External font `cmex10' loaded for size
(Font)              <6> on input line 42.
 [1

{/home/san/.miktex/texmfs/data/pdftex/config/pdftex.map}](load luc: /home/san/.m
iktex/texmfs/data/luatex-cache/generic/fonts/otl/lmsans10-regular.luc)(load luc:
 /home/san/.miktex/texmfs/data/luatex-cache/generic/fonts/otl/lmroman12-bold.luc
)(load luc: /home/san/.miktex/texmfs/data/luatex-cache/generic/fonts/otl/lmsans1
0-bold.luc) (./Reference.toc
Package babel Info: No hyphenation patterns were set for
(babel)             language 'english'. Reported on input line 1.
LaTeX Font Info:    External font `cmex10' loaded for size
(Font)              <7> on input line 3.
LaTeX Font Info:    External font `cmex10' loaded for size
(Font)              <5> on input line 3.
)
\tf@toc=\write9

\openout9 = Reference.toc
Package babel Info: No hyphenation patterns were set for
(babel)             language 'english'. Reported on input line 49.
Package babel Info: No hyphenation patterns were set for
(babel)             language 'english'. Reported on input line 49.
(load luc: /home/san/.miktex/texmfs/data/luatex-cache/generic/fonts/otl/lmroman1
0-bold.luc) [2]
\openout6 = Reference.py

\openout7 = latex.py
 (./Reference.py.out (./_minted-Reference/default-pyg-prefix.pyg
style)
(./_minted-Reference/tango.pygstyle)
(./_minted-Reference/6FAD9D2077CFABF2BB3EF1D5432A8BB9.pygtex(load luc: /home/san
/.miktex/texmfs/data/luatex-cache/generic/fonts/otl/lmmono10-regular.luc)(load l
uc: /home/san/.miktex/texmfs/data/luatex-cache/generic/fonts/otl/lmmono10-italic
.luc)
LaTeX Font Info:    Font shape `TU/lmtt/bx/n' in size <10> not available
(Font) 
             Font shape `TU/lmtt/b/n' tried instead on input line 3.
(load luc: /home/san/.miktex/texmfs/data/luatex-cache/generic/fonts/otl/lmmonolt
10-bold.luc))
(./_minted-Reference/DE43C20EEBB81EB0D90F16C6EE688831.pygtex)
(./_minted-Reference/7AEAD0250BF74B8D7E8B9FD800362DDA.pygtex)
(./_minted-Reference/8DB9252C54A9950D6F1B02138ED76215.pygtex)
(./_minted-Reference/2340363C60A908AE99AAD533C6AEE2CE.pygtex)
(./_minted-Reference/9C0F19BAA95A4A418E69628AEA51BD79.pygtex)
(./_minted-Reference/721F3B8A9CA05D85604E1FF0503D9599.pygtex)
(./_minted-Reference/5EC2D0577CF83F3D4BF0721226CEA14F.pygtex)
(./_minted-Reference/58FFFC607CBA8BAFDB8D363B708E5705.pygtex
Package babel Info: No hyphenation patterns were set for
(babel)             lan
guage 'english'. Reported on input line 7.
 [3])
(./_minted-Reference/54566DD5C37A0615F5BD2A67F49A4829.pygtex)
(./_minted-Reference/0B4019628856C446723C3511005CF825.pygtex)
(./_minted-Reference/CDBA3A7992B997CF83BEDCA608919EE2.pygtex)
(./_minted-Reference/3E2E36CA9B9ACFB0DA0FB9825009CDD2.pygtex)
(./_minted-Reference/6FBCC4F8CD725570E8E60F67DB45F85D.pygtex)
(./_minted-Reference/ACD16518E2C8CC4B8D1E80A2DC6BA671.pygtex)
(./_minted-Reference/A6992C7DF70CC784DD6752679469D920.pygtex)
(./_minted-Reference/B2DDA832D4F17ABB9116A6F123D30CA5.pygtex(load luc: /home/san
/.miktex/texmfs/data/luatex-cache/generic/fonts/otl/lmmono8-regular.luc)(load lu
c: /home/san/.miktex/texmfs/data/luatex-cache/generic/fonts/otl/lmroman5-regular
.luc)) (./_minted-Reference/77EF26A603FBBD98DB15B4CE61F927AD.pygtex)
(./_minted-Reference/2AD2497686D7D06C582A764D8A80B505.pygtex
Package babel Info: No hyphenation patterns were set for
(babel)             lan
guage 'english'. Reported on input line 5.
Package babel Info: No hyphenation patterns were set for
(babel)             lan
guage 'english'. Reported on input line 5.
 [4])
(./_minted-Reference/E2D64D4AB5A8B6838244A1D75C2C89E6.pygtex)
(./_minted-Reference/8DF249DBAF6423847594A992CC0D3FE6.pygtex)
(./_minted-Reference/C1932805AAED3B7A46EBB6EC675A8D9E.pygtex)
(./_minted-Reference/1D7ABDF0CC8C4FCE11AAB7A9D27DF477.pygtex)
(./_minted-Reference/53EDC00AFDDDC2EE0F10235EF969240C.pygtex
Package babel Info: No hyphenation patterns were set for
(babel)             lan
guage 'english'. Reported on input line 14.
 [5])
(./_minted-Reference/94EABE6CD4B324ECDB280DC66B569B6D.pygtex
Package babel Info: No hyphenation patterns were set for
(babel)             lan
guage 'english'. Reported on input line 56.
Package babel Info: No hyphenation patterns were set for
(babel)             lan
guage 'english'. Reported on input line 56.
 [6])
(./_minted-Reference/BAA4265127B480FD816B699C17691212.pygtex)
(./_minted-Reference/A6AEC1C89AFD7138EFC575A100ED83B5.pygtex)
(./_minted-Reference/DCC20541D0DC2734AFAB67D90351808B.pygtex
Package babel Info: No hyphenation patterns were set for
(babel)             lan
guage 'english'. Reported on input line 19.
Package babel Info: No hyphenation patterns were set for
(babel)             lan
guage 'english'. Reported on input line 19.
 [7])
(./_minted-Reference/0B2E475BDDE9C2CB22D3CEA70F51A814.pygtex)
(./_minted-Reference/AA84EDDFE8B842CCF62412040887D339.pygtex)
(./_minted-Reference/49A831B679AAC4C7CF864662C2652084.pygtex
Package babel Info: No hyphenation patterns were set for
(babel)             lan
guage 'english'. Reported on input line 23.
Package babel Info: No hyphenation patterns were set for
(babel)             lan
guage 'english'. Reported on input line 23.
 [8])
(./_minted-Reference/F55D19E2FE55BBF2D100D504B3A5BEA5.pygtex)
(./_minted-Reference/2A0B239023EE788F25B1621A635C7342.pygtex)
(./_minted-Reference/E13ADFD4DAC2C215CC62AF840479A63B.pygtex
Package babel Info: No hyphenation patterns were set for
(babel)             lan
guage 'english'. Reported on input line 19.
Package babel Info: No hyphenation patterns were set for
(babel)             lan
guage 'english'. Reported on input line 19.
 [9])
(./_minted-Reference/6D83D00B97C4B6A176CDD382F8308A06.pygtex)
(./_minted-Reference/E9462A4EAFDA4E567F85400A8E7EF805.pygtex)
(./_minted-Reference/5418ADC337D0FFE5C188BC4E8D4660A8.pygtex)
(./_minted-Reference/10D51ECDC66AFE85ABE67CD10FD2AC9D.pygtex)
(./_minted-Reference/7DB43B3A624C7A331D32F9E4D806A28F.pygtex
Package babel Info: No hyphenation patterns were set for
(babel)             lan
guage 'english'. Reported on input line 5.
Package babel Info: No hyphenation patterns were set for
(babel)             lan
guage 'english'. Reported on input line 5.
 [10])
(./_minted-Reference/6CD1C9873C10C4F96F7B93624297E877.pygtex)
(./_minted-Reference/22AA854DFACCD747EA88ED00DE5A86E0.pygtex
Package babel Info: No hyphenation patterns were set for
(babel)             lan
guage 'english'. Reported on input line 35.
Package babel Info: No hyphenation patterns were set for
(babel)             lan
guage 'english'. Reported on input line 35.
 [11])
(./_minted-Reference/267E7D148F7AFD5AF14CADCEA8649D79.pygtex)
(./_minted-Reference/20D4D3B50EDCAB0C653B4CAD78DBA769.pygtex)
(./_minted-Reference/2AE8271D1FD9927F3B96D32B1DA032CC.pygtex)
(./_minted-Reference/3F098F3A155254D655EE46FF89A6B647.pygtex)
(./_minted-Reference/9FCD2EBD1D5F03C4F1A510F7D551E45B.pygtex)
(./_minted-Reference/D9886162F8A1A220271930695CEC60F5.pygtex
Package babel Info: No hyphenation patterns were set for
(babel)             lan
guage 'english'. Reported on input line 14.
Package babel Info: No hyphenation patterns were set for
(babel)             lan
guage 'english'. Reported on input line 14.
 [12])
(./_minted-Reference/C69FBB31CF94EF776B840C1BA4CF873E.pygtex)
(./_minted-Reference/603A2C5401AA9CA082BC74F17A99F11F.pygtex)
(./_minted-Reference/07678AF61DFBB7D1BDC90F626C71F71E.pygtex
Package babel Info: No hyphenation patterns were set for
(babel)             lan
guage 'english'. Reported on input line 41.
Package babel Info: No hyphenation patterns were set for
(babel)             lan
guage 'english'. Reported on input line 41.
 [13])
(./_minted-Reference/B3ABE952F937DB2FBCBE7835944A07A3.pygtex)
(./_minted-Reference/A7491E336434506F7A5233DB9C84E287.pygtex)
(./_minted-Reference/C6539992620DD0987F242E3DC746FC9C.pygtex))
Package babel Info: No hyphenation patterns were set for
(babel)             language 'english'. Reported on input line 54.
 [14]
Package atveryend Info: Empty hook `BeforeClearDocument' on input line 55.
Package atveryend Info: Empty hook `AfterLastShipout' on input line 55.

(./Reference.aux
Package babel Info: No hyphenation patterns were set for
(babel)             language 'english'. Reported on input line 19.
)
Package atveryend Info: Executing hook `AtVeryEndDocument' on input line 55.
Package atveryend Info: Executing hook `AtEndAfterFileList' on input line 55.
Package rerunfilecheck Info: File `Reference.out' has not changed.
(rerunfilecheck)             Checksum: 418CE0D3FC09F28600A2937AE62E98AC;5019.
)

Here is how much of LuaTeX's memory you used:
 12654 strings out of 494426
 125171,383344 words of node,token memory allocated
 408 words of node memory still in use:
   3 hlist, 1 vlist, 1 rule, 2 glue, 4 attribute, 53 glue_spec, 4 attribute_list
, 1 write nodes
   avail lists: 1:1,2:5586,3:399,4:1425,5:677,6:161,7:3258,8:263,9:562,10:12,11:
13
 15381 multiletter control sequences out of 65536+200000
 49 fonts using 3883015 bytes
 38i,11n,43p,842b,701s stack positions out of 5000i,500n,10000p,200000b,50000s
</home/san/.miktex/texmfs/install/fonts/opentype/public/lm/lmmonolt10-bold.otf><
/home/san/.miktex/texmfs/install/fonts/opentype/public/lm/lmmono10-regular.otf><
/home/san/.miktex/texmfs/install/fonts/opentype/public/lm/lmmono10-italic.otf></
home/san/.miktex/texmfs/install/fonts/opentype/public/lm/lmsans10-bold.otf></hom
e/san/.miktex/texmfs/install/fonts/opentype/public/lm/lmsans10-regular.otf></hom
e/san/.miktex/texmfs/install/fonts/opentype/public/lm/lmroman10-regular.otf></ho
me/san/.miktex/texmfs/install/fonts/opentype/public/lm/lmroman12-regular.otf></h
ome/san/.miktex/texmfs/install/fonts/opentype/public/lm/lmroman17-regular.otf></
home/san/.miktex/texmfs/install/fonts/type1/public/amsfonts/cm/cmmi5.pfb></home/
san/.miktex/texmfs/install/fonts/type1/public/amsfonts/cm/cmsy5.pfb>
Output written on Reference.pdf (14 pages, 177150 bytes).

PDF statistics: 520 PDF objects out of 1000 (max. 8388607)
 93 named destinations out of 1000 (max. 131072)
 617 words of extra memory for PDF output out of 10000 (max. 100000000)

