\section{Coding Resources}
\subsection{C++}
\subsubsectionfont{\sffamily\underline}
\subsubsection{DecimalPrecision}
\subsubsectionfont{\sffamily}
\inputminted{cpp}{"/home/san/grive/Algorithms/Reference/Coding Resources/C++/DecimalPrecision.cpp"}
\subsubsectionfont{\sffamily\underline}
\subsubsection{IOoptimizationCPP}
\subsubsectionfont{\sffamily}
\inputminted{cpp}{"/home/san/grive/Algorithms/Reference/Coding Resources/C++/IOoptimizationCPP.cpp"}
\subsubsectionfont{\sffamily\underline}
\subsubsection{IntToBinary}
\subsubsectionfont{\sffamily}
\inputminted{cpp}{"/home/san/grive/Algorithms/Reference/Coding Resources/C++/IntToBinary.cpp"}
\subsubsectionfont{\sffamily\underline}
\subsubsection{MapValueToInt}
\subsubsectionfont{\sffamily}
\inputminted{cpp}{"/home/san/grive/Algorithms/Reference/Coding Resources/C++/MapValueToInt.cpp"}
\subsubsectionfont{\sffamily\underline}
\subsubsection{Permutations}
\subsubsectionfont{\sffamily}
\inputminted{cpp}{"/home/san/grive/Algorithms/Reference/Coding Resources/C++/Permutations.cpp"}
\subsubsectionfont{\sffamily\underline}
\subsubsection{PrintVector}
\subsubsectionfont{\sffamily}
\inputminted{cpp}{"/home/san/grive/Algorithms/Reference/Coding Resources/C++/PrintVector.cpp"}
\subsubsectionfont{\sffamily\underline}
\subsubsection{PriorityQueueOfClass}
\subsubsectionfont{\sffamily}
\inputminted{cpp}{"/home/san/grive/Algorithms/Reference/Coding Resources/C++/PriorityQueueOfClass.cpp"}
\subsubsectionfont{\sffamily\underline}
\subsubsection{Random}
\subsubsectionfont{\sffamily}
\inputminted{cpp}{"/home/san/grive/Algorithms/Reference/Coding Resources/C++/Random.cpp"}
\subsubsectionfont{\sffamily\underline}
\subsubsection{ReadLineCpp}
\subsubsectionfont{\sffamily}
\inputminted{cpp}{"/home/san/grive/Algorithms/Reference/Coding Resources/C++/ReadLineCpp.cpp"}
\subsubsectionfont{\sffamily\underline}
\subsubsection{SortPair}
\subsubsectionfont{\sffamily}
\inputminted{cpp}{"/home/san/grive/Algorithms/Reference/Coding Resources/C++/SortPair.cpp"}
\subsubsectionfont{\sffamily\underline}
\subsubsection{SortVectorOfClass}
\subsubsectionfont{\sffamily}
\inputminted{cpp}{"/home/san/grive/Algorithms/Reference/Coding Resources/C++/SortVectorOfClass.cpp"}
\subsubsectionfont{\sffamily\underline}
\subsubsection{SplitString}
\subsubsectionfont{\sffamily}
\inputminted{cpp}{"/home/san/grive/Algorithms/Reference/Coding Resources/C++/SplitString.cpp"}
\subsubsectionfont{\sffamily\underline}
\subsubsection{Typedef}
\subsubsectionfont{\sffamily}
\inputminted{cpp}{"/home/san/grive/Algorithms/Reference/Coding Resources/C++/Typedef.cpp"}
\subsection{Python}
\subsubsectionfont{\sffamily\underline}
\subsubsection{Combinations}
\subsubsectionfont{\sffamily}
\inputminted{py}{"/home/san/grive/Algorithms/Reference/Coding Resources/Python/Combinations.py"}
\subsubsectionfont{\sffamily\underline}
\subsubsection{Fast IO}
\subsubsectionfont{\sffamily}
\inputminted{py}{"/home/san/grive/Algorithms/Reference/Coding Resources/Python/Fast IO.py"}
\subsubsectionfont{\sffamily\underline}
\subsubsection{Permutations}
\subsubsectionfont{\sffamily}
\inputminted{py}{"/home/san/grive/Algorithms/Reference/Coding Resources/Python/Permutations.py"}
\subsubsectionfont{\sffamily\underline}
\subsubsection{Random}
\subsubsectionfont{\sffamily}
\inputminted{py}{"/home/san/grive/Algorithms/Reference/Coding Resources/Python/Random.py"}
\subsubsectionfont{\sffamily\underline}
\subsubsection{SortList}
\subsubsectionfont{\sffamily}
\inputminted{py}{"/home/san/grive/Algorithms/Reference/Coding Resources/Python/SortList.py"}
\subsubsectionfont{\sffamily\underline}
\subsubsection{SortListOfClass}
\subsubsectionfont{\sffamily}
\inputminted{py}{"/home/san/grive/Algorithms/Reference/Coding Resources/Python/SortListOfClass.py"}
\section{Data Structures}
\subsectionfont{\sffamily\underline}
\subsection{BIT}
\subsectionfont{\sffamily}
\inputminted{cpp}{"/home/san/grive/Algorithms/Reference/Data Structures/BIT.cpp"}
\subsectionfont{\sffamily\underline}
\subsection{IntervalTree}
\subsectionfont{\sffamily}
\inputminted{cpp}{"/home/san/grive/Algorithms/Reference/Data Structures/IntervalTree.cpp"}
\subsectionfont{\sffamily\underline}
\subsection{SegmentTree}
\subsectionfont{\sffamily}
\inputminted{cpp}{"/home/san/grive/Algorithms/Reference/Data Structures/SegmentTree.cpp"}
\subsectionfont{\sffamily\underline}
\subsection{SegmentTreeLazy}
\subsectionfont{\sffamily}
\inputminted{cpp}{"/home/san/grive/Algorithms/Reference/Data Structures/SegmentTreeLazy.cpp"}
\subsectionfont{\sffamily\underline}
\subsection{SparseTable}
\subsectionfont{\sffamily}
\inputminted{cpp}{"/home/san/grive/Algorithms/Reference/Data Structures/SparseTable.cpp"}
\subsectionfont{\sffamily\underline}
\subsection{Trie}
\subsectionfont{\sffamily}
\inputminted{cpp}{"/home/san/grive/Algorithms/Reference/Data Structures/Trie.cpp"}
\subsectionfont{\sffamily\underline}
\subsection{UnionFind}
\subsectionfont{\sffamily}
\inputminted{cpp}{"/home/san/grive/Algorithms/Reference/Data Structures/UnionFind.cpp"}
\subsectionfont{\sffamily\underline}
\subsection{try}
\subsectionfont{\sffamily}
\inputminted{cpp}{"/home/san/grive/Algorithms/Reference/Data Structures/try.cpp"}
\section{Geometry}
\section{Graphs}
\subsectionfont{\sffamily\underline}
\subsection{ArticulationPointsAndBridges}
\subsectionfont{\sffamily}
\inputminted{cpp}{"/home/san/grive/Algorithms/Reference/Graphs/ArticulationPointsAndBridges.cpp"}
\subsectionfont{\sffamily\underline}
\subsection{ConnectedComponents}
\subsectionfont{\sffamily}
\inputminted{cpp}{"/home/san/grive/Algorithms/Reference/Graphs/ConnectedComponents.cpp"}
\subsectionfont{\sffamily\underline}
\subsection{CycleInDirectedGraph}
\subsectionfont{\sffamily}
\inputminted{cpp}{"/home/san/grive/Algorithms/Reference/Graphs/CycleInDirectedGraph.cpp"}
\subsectionfont{\sffamily\underline}
\subsection{CycleInUndirectedGraph}
\subsectionfont{\sffamily}
\inputminted{cpp}{"/home/san/grive/Algorithms/Reference/Graphs/CycleInUndirectedGraph.cpp"}
\subsectionfont{\sffamily\underline}
\subsection{FloodFill}
\subsectionfont{\sffamily}
\inputminted{cpp}{"/home/san/grive/Algorithms/Reference/Graphs/FloodFill.cpp"}
\subsection{Flow}
\subsubsectionfont{\sffamily\underline}
\subsubsection{MaxFlowDinic}
\subsubsectionfont{\sffamily}
\inputminted{cpp}{"/home/san/grive/Algorithms/Reference/Graphs/Flow/MaxFlowDinic.cpp"}
\subsectionfont{\sffamily\underline}
\subsection{IsBipartite}
\subsectionfont{\sffamily}
\inputminted{cpp}{"/home/san/grive/Algorithms/Reference/Graphs/IsBipartite.cpp"}
\subsectionfont{\sffamily\underline}
\subsection{KruskalMST}
\subsectionfont{\sffamily}
\inputminted{cpp}{"/home/san/grive/Algorithms/Reference/Graphs/KruskalMST.cpp"}
\subsectionfont{\sffamily\underline}
\subsection{LCA}
\subsectionfont{\sffamily}
\inputminted{cpp}{"/home/san/grive/Algorithms/Reference/Graphs/LCA.cpp"}
\subsection{ShortestPaths}
\subsubsectionfont{\sffamily\underline}
\subsubsection{BellmanFord}
\subsubsectionfont{\sffamily}
\inputminted{cpp}{"/home/san/grive/Algorithms/Reference/Graphs/ShortestPaths/BellmanFord.cpp"}
\subsubsectionfont{\sffamily\underline}
\subsubsection{Dijkstra}
\subsubsectionfont{\sffamily}
\inputminted{cpp}{"/home/san/grive/Algorithms/Reference/Graphs/ShortestPaths/Dijkstra.cpp"}
\subsectionfont{\sffamily\underline}
\subsection{StronglyConnectedComponents}
\subsectionfont{\sffamily}
\inputminted{cpp}{"/home/san/grive/Algorithms/Reference/Graphs/StronglyConnectedComponents.cpp"}
\subsectionfont{\sffamily\underline}
\subsection{TopologicalSort}
\subsectionfont{\sffamily}
\inputminted{cpp}{"/home/san/grive/Algorithms/Reference/Graphs/TopologicalSort.cpp"}
\section{Maths}
\subsection{Game Theory}
\subsection{Number Theory}
\subsubsectionfont{\sffamily\underline}
\subsubsection{DivisibilityCriterion}
\subsubsectionfont{\sffamily}
\inputminted{py}{"/home/san/grive/Algorithms/Reference/Maths/Number Theory/DivisibilityCriterion.py"}
\subsubsectionfont{\sffamily\underline}
\subsubsection{ExtendedEuclidean}
\subsubsectionfont{\sffamily}
\inputminted{cpp}{"/home/san/grive/Algorithms/Reference/Maths/Number Theory/ExtendedEuclidean.cpp"}
\subsubsectionfont{\sffamily\underline}
\subsubsection{GCD}
\subsubsectionfont{\sffamily}
\inputminted{cpp}{"/home/san/grive/Algorithms/Reference/Maths/Number Theory/GCD.cpp"}
\subsubsectionfont{\sffamily\underline}
\subsubsection{LCM}
\subsubsectionfont{\sffamily}
\inputminted{cpp}{"/home/san/grive/Algorithms/Reference/Maths/Number Theory/LCM.cpp"}
\subsubsectionfont{\sffamily\underline}
\subsubsection{PrimeCheckMillerRabin}
\subsubsectionfont{\sffamily}
\inputminted{py}{"/home/san/grive/Algorithms/Reference/Maths/Number Theory/PrimeCheckMillerRabin.py"}
\subsubsectionfont{\sffamily\underline}
\subsubsection{PrimeSieve}
\subsubsectionfont{\sffamily}
\inputminted{cpp}{"/home/san/grive/Algorithms/Reference/Maths/Number Theory/PrimeSieve.cpp"}
\subsection{Probability}
\subsubsection{Combinations}
\subsubsection{Permutations}
\section{Rare Topics}
\section{Strings}
\subsectionfont{\sffamily\underline}
\subsection{KMP}
\subsectionfont{\sffamily}
\inputminted{cpp}{"/home/san/grive/Algorithms/Reference/Strings/KMP.cpp"}
\subsectionfont{\sffamily\underline}
\subsection{RabinKarp}
\subsectionfont{\sffamily}
\inputminted{cpp}{"/home/san/grive/Algorithms/Reference/Strings/RabinKarp.cpp"}
\section{Techniques}
\subsectionfont{\sffamily\underline}
\subsection{BinarySearch}
\subsectionfont{\sffamily}
\inputminted{cpp}{"/home/san/grive/Algorithms/Reference/Techniques/BinarySearch.cpp"}
\subsection{DP}
\subsection{Multiple Queries}
\subsubsectionfont{\sffamily\underline}
\subsubsection{Mo}
\subsubsectionfont{\sffamily}
\inputminted{cpp}{"/home/san/grive/Algorithms/Reference/Techniques/Multiple Queries/Mo.cpp"}
\subsubsectionfont{\sffamily\underline}
\subsubsection{SqrtDecomposition}
\subsubsectionfont{\sffamily}
\inputminted{cpp}{"/home/san/grive/Algorithms/Reference/Techniques/Multiple Queries/SqrtDecomposition.cpp"}
\section{Faster But Longer}
\subsectionfont{\sffamily\underline}
\subsection{BellmanFerrari}
\subsectionfont{\sffamily}
\inputminted{cpp}{"/home/san/grive/Algorithms/Reference/Faster But Longer/BellmanFerrari.cpp"}
\subsectionfont{\sffamily\underline}
\subsection{KMP}
\subsectionfont{\sffamily}
\inputminted{cpp}{"/home/san/grive/Algorithms/Reference/Faster But Longer/KMP.cpp"}
