\section{CodingResources}
\subsection{IntToBinary}
\inputminted[breaklines]{cpp}{CodingResources/IntToBinary.cpp}
\subsection{IOoptimizationCPP}
\inputminted[breaklines]{cpp}{CodingResources/IOoptimizationCPP.cpp}
\subsection{PrintVector}
\inputminted[breaklines]{cpp}{CodingResources/PrintVector.cpp}
\subsection{PriorityQueueOfClass}
\inputminted[breaklines]{cpp}{CodingResources/PriorityQueueOfClass.cpp}
\subsection{ReadLineCpp}
\inputminted[breaklines]{cpp}{CodingResources/ReadLineCpp.cpp}
\subsection{SortListOfClass}
\inputminted[breaklines]{py}{CodingResources/SortListOfClass.py}
\subsection{SortVectorOfClass}
\inputminted[breaklines]{cpp}{CodingResources/SortVectorOfClass.cpp}
\subsection{SplitString}
\inputminted[breaklines]{cpp}{CodingResources/SplitString.cpp}
\section{Graphs}
\subsection{CycleInDirectedGraph}
\inputminted[breaklines]{cpp}{Graphs/CycleInDirectedGraph.cpp}
\subsection{CycleInUndirectedGraph}
\inputminted[breaklines]{cpp}{Graphs/CycleInUndirectedGraph.cpp}
\subsection{FloodFill}
\inputminted[breaklines]{cpp}{Graphs/FloodFill.cpp}
\subsection{IsBipartite}
\inputminted[breaklines]{cpp}{Graphs/IsBipartite.cpp}
\subsection{TopologicalSort}
\inputminted[breaklines]{cpp}{Graphs/TopologicalSort.cpp}
\subsection{UnionFind}
\inputminted[breaklines]{cpp}{Graphs/UnionFind.cpp}
