\section{Coding Resources}
\subsection{Python}
\subsubsectionfont{\sffamily\underline}
\subsubsection{Combinations}
\subsubsectionfont{\sffamily}
\inputminted{py}{"/home/san/CODE/Algorithms/CompetitiveReusableCode/Coding Resources/Python/Combinations.py"}
\subsubsectionfont{\sffamily\underline}
\subsubsection{SortListOfClass}
\subsubsectionfont{\sffamily}
\inputminted{py}{"/home/san/CODE/Algorithms/CompetitiveReusableCode/Coding Resources/Python/SortListOfClass.py"}
\subsubsectionfont{\sffamily\underline}
\subsubsection{Fast IO}
\subsubsectionfont{\sffamily}
\inputminted{py}{"/home/san/CODE/Algorithms/CompetitiveReusableCode/Coding Resources/Python/Fast IO.py"}
\subsubsectionfont{\sffamily\underline}
\subsubsection{Permutations}
\subsubsectionfont{\sffamily}
\inputminted{py}{"/home/san/CODE/Algorithms/CompetitiveReusableCode/Coding Resources/Python/Permutations.py"}
\subsection{C++}
\subsubsectionfont{\sffamily\underline}
\subsubsection{ReadLineCpp}
\subsubsectionfont{\sffamily}
\inputminted{cpp}{"/home/san/CODE/Algorithms/CompetitiveReusableCode/Coding Resources/C++/ReadLineCpp.cpp"}
\subsubsectionfont{\sffamily\underline}
\subsubsection{PrintVector}
\subsubsectionfont{\sffamily}
\inputminted{cpp}{"/home/san/CODE/Algorithms/CompetitiveReusableCode/Coding Resources/C++/PrintVector.cpp"}
\subsubsectionfont{\sffamily\underline}
\subsubsection{PriorityQueueOfClass}
\subsubsectionfont{\sffamily}
\inputminted{cpp}{"/home/san/CODE/Algorithms/CompetitiveReusableCode/Coding Resources/C++/PriorityQueueOfClass.cpp"}
\subsubsectionfont{\sffamily\underline}
\subsubsection{SortPair}
\subsubsectionfont{\sffamily}
\inputminted{cpp}{"/home/san/CODE/Algorithms/CompetitiveReusableCode/Coding Resources/C++/SortPair.cpp"}
\subsubsectionfont{\sffamily\underline}
\subsubsection{IntToBinary}
\subsubsectionfont{\sffamily}
\inputminted{cpp}{"/home/san/CODE/Algorithms/CompetitiveReusableCode/Coding Resources/C++/IntToBinary.cpp"}
\subsubsectionfont{\sffamily\underline}
\subsubsection{SplitString}
\subsubsectionfont{\sffamily}
\inputminted{cpp}{"/home/san/CODE/Algorithms/CompetitiveReusableCode/Coding Resources/C++/SplitString.cpp"}
\subsubsectionfont{\sffamily\underline}
\subsubsection{MapValueToInt}
\subsubsectionfont{\sffamily}
\inputminted{cpp}{"/home/san/CODE/Algorithms/CompetitiveReusableCode/Coding Resources/C++/MapValueToInt.cpp"}
\subsubsectionfont{\sffamily\underline}
\subsubsection{IOoptimizationCPP}
\subsubsectionfont{\sffamily}
\inputminted{cpp}{"/home/san/CODE/Algorithms/CompetitiveReusableCode/Coding Resources/C++/IOoptimizationCPP.cpp"}
\subsubsectionfont{\sffamily\underline}
\subsubsection{SortVectorOfClass}
\subsubsectionfont{\sffamily}
\inputminted{cpp}{"/home/san/CODE/Algorithms/CompetitiveReusableCode/Coding Resources/C++/SortVectorOfClass.cpp"}
\section{Multiple Queries}
\subsectionfont{\sffamily\underline}
\subsection{Mo}
\subsectionfont{\sffamily}
\inputminted{cpp}{"/home/san/CODE/Algorithms/CompetitiveReusableCode/Multiple Queries/Mo.cpp"}
\subsectionfont{\sffamily\underline}
\subsection{SqrtDecomposition}
\subsectionfont{\sffamily}
\inputminted{cpp}{"/home/san/CODE/Algorithms/CompetitiveReusableCode/Multiple Queries/SqrtDecomposition.cpp"}
\section{Maths}
\subsection{Combinatorics}
\subsection{Number Theory}
\subsubsectionfont{\sffamily\underline}
\subsubsection{extendedEuclidean}
\subsubsectionfont{\sffamily}
\inputminted{cpp}{"/home/san/CODE/Algorithms/CompetitiveReusableCode/Maths/Number Theory/extendedEuclidean.cpp"}
\subsubsectionfont{\sffamily\underline}
\subsubsection{divisibilityCriterion}
\subsubsectionfont{\sffamily}
\inputminted{py}{"/home/san/CODE/Algorithms/CompetitiveReusableCode/Maths/Number Theory/divisibilityCriterion.py"}
\subsubsectionfont{\sffamily\underline}
\subsubsection{gcd}
\subsubsectionfont{\sffamily}
\inputminted{cpp}{"/home/san/CODE/Algorithms/CompetitiveReusableCode/Maths/Number Theory/gcd.cpp"}
\subsubsectionfont{\sffamily\underline}
\subsubsection{PrimeCheckMillerRabin}
\subsubsectionfont{\sffamily}
\inputminted{py}{"/home/san/CODE/Algorithms/CompetitiveReusableCode/Maths/Number Theory/PrimeCheckMillerRabin.py"}
\subsection{Probability}
\subsection{Game Theory}
\section{Geometry}
\section{Strings}
\subsectionfont{\sffamily\underline}
\subsection{RabinKarp}
\subsectionfont{\sffamily}
\inputminted{cpp}{"/home/san/CODE/Algorithms/CompetitiveReusableCode/Strings/RabinKarp.cpp"}
\section{Graphs}
\subsection{Flow}
\subsubsectionfont{\sffamily\underline}
\subsubsection{MaxFlowDinic}
\subsubsectionfont{\sffamily}
\inputminted{cpp}{"/home/san/CODE/Algorithms/CompetitiveReusableCode/Graphs/Flow/MaxFlowDinic.cpp"}
\subsectionfont{\sffamily\underline}
\subsection{TopologicalSort}
\subsectionfont{\sffamily}
\inputminted{cpp}{"/home/san/CODE/Algorithms/CompetitiveReusableCode/Graphs/TopologicalSort.cpp"}
\subsectionfont{\sffamily\underline}
\subsection{MinimumCut}
\subsectionfont{\sffamily}
\inputminted{cpp}{"/home/san/CODE/Algorithms/CompetitiveReusableCode/Graphs/MinimumCut.cpp"}
\subsectionfont{\sffamily\underline}
\subsection{UnionFind}
\subsectionfont{\sffamily}
\inputminted{cpp}{"/home/san/CODE/Algorithms/CompetitiveReusableCode/Graphs/UnionFind.cpp"}
\subsectionfont{\sffamily\underline}
\subsection{CycleInUndirectedGraph}
\subsectionfont{\sffamily}
\inputminted{cpp}{"/home/san/CODE/Algorithms/CompetitiveReusableCode/Graphs/CycleInUndirectedGraph.cpp"}
\subsectionfont{\sffamily\underline}
\subsection{IsBipartite}
\subsectionfont{\sffamily}
\inputminted{cpp}{"/home/san/CODE/Algorithms/CompetitiveReusableCode/Graphs/IsBipartite.cpp"}
\subsection{ShortestPaths}
\subsubsectionfont{\sffamily\underline}
\subsubsection{Dijkstra}
\subsubsectionfont{\sffamily}
\inputminted{cpp}{"/home/san/CODE/Algorithms/CompetitiveReusableCode/Graphs/ShortestPaths/Dijkstra.cpp"}
\subsectionfont{\sffamily\underline}
\subsection{CycleInDirectedGraph}
\subsectionfont{\sffamily}
\inputminted{cpp}{"/home/san/CODE/Algorithms/CompetitiveReusableCode/Graphs/CycleInDirectedGraph.cpp"}
\subsectionfont{\sffamily\underline}
\subsection{FloodFill}
\subsectionfont{\sffamily}
\inputminted{cpp}{"/home/san/CODE/Algorithms/CompetitiveReusableCode/Graphs/FloodFill.cpp"}
\subsectionfont{\sffamily\underline}
\subsection{KruskalMST}
\subsectionfont{\sffamily}
\inputminted{cpp}{"/home/san/CODE/Algorithms/CompetitiveReusableCode/Graphs/KruskalMST.cpp"}
\section{Rare Topics}
\section{Data Structures}
\subsectionfont{\sffamily\underline}
\subsection{Trie}
\subsectionfont{\sffamily}
\inputminted{cpp}{"/home/san/CODE/Algorithms/CompetitiveReusableCode/Data Structures/Trie.cpp"}
\subsectionfont{\sffamily\underline}
\subsection{SegmentTree}
\subsectionfont{\sffamily}
\inputminted{cpp}{"/home/san/CODE/Algorithms/CompetitiveReusableCode/Data Structures/SegmentTree.cpp"}
