\BOOKMARK [1][-]{section.1}{Coding Resources}{}% 1
\BOOKMARK [2][-]{subsection.1.1}{C++}{section.1}% 2
\BOOKMARK [3][-]{subsubsection.1.1.1}{Decimal Precision}{subsection.1.1}% 3
\BOOKMARK [3][-]{subsubsection.1.1.2}{IO Optimization}{subsection.1.1}% 4
\BOOKMARK [3][-]{subsubsection.1.1.3}{Int To Binary}{subsection.1.1}% 5
\BOOKMARK [3][-]{subsubsection.1.1.4}{Map Value To Int}{subsection.1.1}% 6
\BOOKMARK [3][-]{subsubsection.1.1.5}{Permutations}{subsection.1.1}% 7
\BOOKMARK [3][-]{subsubsection.1.1.6}{Print Vector}{subsection.1.1}% 8
\BOOKMARK [3][-]{subsubsection.1.1.7}{Priority Queue Of Object}{subsection.1.1}% 9
\BOOKMARK [3][-]{subsubsection.1.1.8}{Random}{subsection.1.1}% 10
\BOOKMARK [3][-]{subsubsection.1.1.9}{Read Line}{subsection.1.1}% 11
\BOOKMARK [3][-]{subsubsection.1.1.10}{Sort Pair}{subsection.1.1}% 12
\BOOKMARK [3][-]{subsubsection.1.1.11}{Sort Vector Of Object}{subsection.1.1}% 13
\BOOKMARK [3][-]{subsubsection.1.1.12}{Split String}{subsection.1.1}% 14
\BOOKMARK [3][-]{subsubsection.1.1.13}{Typedef}{subsection.1.1}% 15
\BOOKMARK [2][-]{subsection.1.2}{Python}{section.1}% 16
\BOOKMARK [3][-]{subsubsection.1.2.1}{Combinations}{subsection.1.2}% 17
\BOOKMARK [3][-]{subsubsection.1.2.2}{Fast IO}{subsection.1.2}% 18
\BOOKMARK [3][-]{subsubsection.1.2.3}{Permutations}{subsection.1.2}% 19
\BOOKMARK [3][-]{subsubsection.1.2.4}{Random}{subsection.1.2}% 20
\BOOKMARK [3][-]{subsubsection.1.2.5}{Sort List Of Object}{subsection.1.2}% 21
\BOOKMARK [3][-]{subsubsection.1.2.6}{Sort List}{subsection.1.2}% 22
\BOOKMARK [1][-]{section.2}{Data Structures}{}% 23
\BOOKMARK [2][-]{subsection.2.1}{Graphs}{section.2}% 24
\BOOKMARK [3][-]{subsubsection.2.1.1}{UnionFind}{subsection.2.1}% 25
\BOOKMARK [2][-]{subsection.2.2}{Ranges}{section.2}% 26
\BOOKMARK [3][-]{subsubsection.2.2.1}{BIT}{subsection.2.2}% 27
\BOOKMARK [3][-]{subsubsection.2.2.2}{Interval Tree}{subsection.2.2}% 28
\BOOKMARK [3][-]{subsubsection.2.2.3}{Segment Tree}{subsection.2.2}% 29
\BOOKMARK [3][-]{subsubsection.2.2.4}{Sparse Table}{subsection.2.2}% 30
\BOOKMARK [2][-]{subsection.2.3}{Strings}{section.2}% 31
\BOOKMARK [3][-]{subsubsection.2.3.1}{Trie}{subsection.2.3}% 32
\BOOKMARK [2][-]{subsection.2.4}{Trees}{section.2}% 33
\BOOKMARK [3][-]{subsubsection.2.4.1}{Treap}{subsection.2.4}% 34
\BOOKMARK [1][-]{section.3}{Graphs}{}% 35
\BOOKMARK [2][-]{subsection.3.1}{Articulation Points And Bridges}{section.3}% 36
\BOOKMARK [2][-]{subsection.3.2}{Connected Components}{section.3}% 37
\BOOKMARK [2][-]{subsection.3.3}{Cycle In Directed Graph}{section.3}% 38
\BOOKMARK [2][-]{subsection.3.4}{Cycle In Undirected Graph}{section.3}% 39
\BOOKMARK [2][-]{subsection.3.5}{Flood Fill}{section.3}% 40
\BOOKMARK [2][-]{subsection.3.6}{Flow}{section.3}% 41
\BOOKMARK [3][-]{subsubsection.3.6.1}{Max Flow Dinic}{subsection.3.6}% 42
\BOOKMARK [2][-]{subsection.3.7}{Is Bipartite}{section.3}% 43
\BOOKMARK [2][-]{subsection.3.8}{Kruskal MST}{section.3}% 44
\BOOKMARK [2][-]{subsection.3.9}{LCA}{section.3}% 45
\BOOKMARK [2][-]{subsection.3.10}{Maximum Bipartite Matching}{section.3}% 46
\BOOKMARK [2][-]{subsection.3.11}{ShortestPaths}{section.3}% 47
\BOOKMARK [3][-]{subsubsection.3.11.1}{Bellman Ford}{subsection.3.11}% 48
\BOOKMARK [3][-]{subsubsection.3.11.2}{Dijkstra}{subsection.3.11}% 49
\BOOKMARK [2][-]{subsection.3.12}{Strongly Connected Components}{section.3}% 50
\BOOKMARK [2][-]{subsection.3.13}{Topological Sort}{section.3}% 51
\BOOKMARK [1][-]{section.4}{Maths}{}% 52
\BOOKMARK [2][-]{subsection.4.1}{Number Theory}{section.4}% 53
\BOOKMARK [3][-]{subsubsection.4.1.1}{Divisibility Criterion}{subsection.4.1}% 54
\BOOKMARK [3][-]{subsubsection.4.1.2}{Extended Euclidean}{subsection.4.1}% 55
\BOOKMARK [3][-]{subsubsection.4.1.3}{GCD}{subsection.4.1}% 56
\BOOKMARK [3][-]{subsubsection.4.1.4}{LCM}{subsection.4.1}% 57
\BOOKMARK [3][-]{subsubsection.4.1.5}{Prime Check Miller Rabin}{subsection.4.1}% 58
\BOOKMARK [3][-]{subsubsection.4.1.6}{Prime Sieve}{subsection.4.1}% 59
\BOOKMARK [1][-]{section.5}{Strings}{}% 60
\BOOKMARK [2][-]{subsection.5.1}{KMP}{section.5}% 61
\BOOKMARK [2][-]{subsection.5.2}{Rabin Karp}{section.5}% 62
\BOOKMARK [1][-]{section.6}{Techniques}{}% 63
\BOOKMARK [2][-]{subsection.6.1}{Binary Search}{section.6}% 64
\BOOKMARK [2][-]{subsection.6.2}{Multiple Queries}{section.6}% 65
\BOOKMARK [3][-]{subsubsection.6.2.1}{Mo}{subsection.6.2}% 66
\BOOKMARK [3][-]{subsubsection.6.2.2}{SQRT Decomposition}{subsection.6.2}% 67
\BOOKMARK [1][-]{section.7}{Faster But Longer}{}% 68
\BOOKMARK [2][-]{subsection.7.1}{BellmanFerrari}{section.7}% 69
\BOOKMARK [2][-]{subsection.7.2}{KMP}{section.7}% 70
